nph_max = 8
omegas  = 
-9.4958
-2.7731
 3.9496


Solving the IP Green's function.
    CPU time for setup the FCI-GF problem      4.80 sec, wall time      9.60 sec
    CPU time for initialize the Hamiltonian      0.00 sec, wall time      0.00 sec

GMRES Start
GMRES: nb  =    4, n = 6561,  m =   40
GMRES: tol = 1.00e-04, max_cycle =  100
GMRES: iter =    1, residual = 3.3390e-02

GMRES Start
GMRES: nb  =    4, n = 6561,  m =   40
GMRES: tol = 1.00e-04, max_cycle =  100
GMRES: iter =    1, residual = 3.2983e-01

GMRES Start
GMRES: nb  =    4, n = 6561,  m =   40
GMRES: tol = 1.00e-04, max_cycle =  100
GMRES: iter =    1, residual = 4.1968e-02
    CPU time for solve the FCI-GF problem      0.06 sec, wall time      0.11 sec

Solving the EA Green's function.
    CPU time for setup the FCI-GF problem      5.01 sec, wall time     10.04 sec
    CPU time for initialize the Hamiltonian      0.00 sec, wall time      0.00 sec

GMRES Start
GMRES: nb  =    4, n = 104976,  m =   40
GMRES: tol = 1.00e-04, max_cycle =  100
GMRES: iter =    1, residual = 4.3466e-02
GMRES: iter =    2, residual = 5.4551e-02

GMRES Start
GMRES: nb  =    4, n = 104976,  m =   40
GMRES: tol = 1.00e-04, max_cycle =  100
GMRES: iter =    1, residual = 1.0460e-01
GMRES: iter =    2, residual = 3.5466e-01

GMRES Start
GMRES: nb  =    4, n = 104976,  m =   40
GMRES: tol = 1.00e-04, max_cycle =  100
GMRES: iter =    1, residual = 2.5894e-01
GMRES: iter =    2, residual = 1.6246e-01
GMRES: iter =    3, residual = 1.6247e-01
GMRES: iter =    4, residual = 1.6247e-01
GMRES: iter =    5, residual = 1.6248e-01
GMRES: iter =    6, residual = 1.6248e-01
GMRES: iter =    7, residual = 1.6248e-01
GMRES: iter =    8, residual = 1.6248e-01
GMRES: iter =    9, residual = 1.6248e-01
    CPU time for solve the FCI-GF problem    372.51 sec, wall time    744.44 sec

omega =  -9.49579832, s =   0.00037910
omega =  -2.77310924, s =   0.00346230
omega =   3.94957983, s =   0.00501903
