nph_max = 8
omegas  = 
-7.9832
-1.2605
 5.4622


Solving the IP Green's function.
    CPU time for setup the FCI-GF problem      4.71 sec, wall time      4.71 sec
    CPU time for initialize the Hamiltonian      0.00 sec, wall time      0.00 sec

GMRES Start
GMRES: nb  =    4, n = 6561,  m =   40
GMRES: tol = 1.00e-04, max_cycle =  100
GMRES: iter =    1, residual = 4.1845e-02

GMRES Start
GMRES: nb  =    4, n = 6561,  m =   40
GMRES: tol = 1.00e-04, max_cycle =  100
GMRES: iter =    1, residual = 3.3503e-01

GMRES Start
GMRES: nb  =    4, n = 6561,  m =   40
GMRES: tol = 1.00e-04, max_cycle =  100
GMRES: iter =    1, residual = 3.3469e-02
    CPU time for solve the FCI-GF problem      0.06 sec, wall time      0.06 sec

Solving the EA Green's function.
    CPU time for setup the FCI-GF problem      4.79 sec, wall time      4.89 sec
    CPU time for initialize the Hamiltonian      0.00 sec, wall time      0.00 sec

GMRES Start
GMRES: nb  =    4, n = 104976,  m =   40
GMRES: tol = 1.00e-04, max_cycle =  100
GMRES: iter =    1, residual = 5.0047e-02
GMRES: iter =    2, residual = 6.5895e-02

GMRES Start
GMRES: nb  =    4, n = 104976,  m =   40
GMRES: tol = 1.00e-04, max_cycle =  100
GMRES: iter =    1, residual = 1.5302e-01
GMRES: iter =    2, residual = 4.5107e-01

GMRES Start
GMRES: nb  =    4, n = 104976,  m =   40
GMRES: tol = 1.00e-04, max_cycle =  100
GMRES: iter =    1, residual = 1.4483e-01
GMRES: iter =    2, residual = 1.0257e-01
    CPU time for solve the FCI-GF problem     68.41 sec, wall time     68.85 sec

omega =  -7.98319328, s =   0.00052788
omega =  -1.26050420, s =   0.01858296
omega =   5.46218487, s =   0.00191509
