nph_max = 8
omegas  = 
-8.1513
-1.4286
 5.2941


Solving the IP Green's function.
    CPU time for setup the FCI-GF problem      4.85 sec, wall time      9.64 sec
    CPU time for initialize the Hamiltonian      0.00 sec, wall time      0.00 sec

GMRES Start
GMRES: nb  =    4, n = 6561,  m =   40
GMRES: tol = 1.00e-04, max_cycle =  100
GMRES: iter =    1, residual = 4.0699e-02

GMRES Start
GMRES: nb  =    4, n = 6561,  m =   40
GMRES: tol = 1.00e-04, max_cycle =  100
GMRES: iter =    1, residual = 4.3232e-01

GMRES Start
GMRES: nb  =    4, n = 6561,  m =   40
GMRES: tol = 1.00e-04, max_cycle =  100
GMRES: iter =    1, residual = 3.4240e-02
    CPU time for solve the FCI-GF problem      0.06 sec, wall time      0.13 sec

Solving the EA Green's function.
    CPU time for setup the FCI-GF problem      5.00 sec, wall time     10.01 sec
    CPU time for initialize the Hamiltonian      0.00 sec, wall time      0.00 sec

GMRES Start
GMRES: nb  =    4, n = 104976,  m =   40
GMRES: tol = 1.00e-04, max_cycle =  100
GMRES: iter =    1, residual = 4.9219e-02
GMRES: iter =    2, residual = 6.4396e-02

GMRES Start
GMRES: nb  =    4, n = 104976,  m =   40
GMRES: tol = 1.00e-04, max_cycle =  100
GMRES: iter =    1, residual = 1.4553e-01
GMRES: iter =    2, residual = 5.0329e-01

GMRES Start
GMRES: nb  =    4, n = 104976,  m =   40
GMRES: tol = 1.00e-04, max_cycle =  100
GMRES: iter =    1, residual = 1.5225e-01
GMRES: iter =    2, residual = 1.0672e-01
GMRES: iter =    3, residual = 1.0672e-01
    CPU time for solve the FCI-GF problem     80.74 sec, wall time    161.33 sec

omega =  -8.15126050, s =   0.00050735
omega =  -1.42857143, s =   0.01352707
omega =   5.29411765, s =   0.00208137
