nph_max = 8
omegas  = 
-7.4790
-0.7563
 5.9664


Solving the IP Green's function.
    CPU time for setup the FCI-GF problem      4.66 sec, wall time      4.66 sec
    CPU time for initialize the Hamiltonian      0.00 sec, wall time      0.00 sec

GMRES Start
GMRES: nb  =    4, n = 6561,  m =   40
GMRES: tol = 1.00e-04, max_cycle =  100
GMRES: iter =    1, residual = 4.5702e-02

GMRES Start
GMRES: nb  =    4, n = 6561,  m =   40
GMRES: tol = 1.00e-04, max_cycle =  100
GMRES: iter =    1, residual = 1.9994e-01

GMRES Start
GMRES: nb  =    4, n = 6561,  m =   40
GMRES: tol = 1.00e-04, max_cycle =  100
GMRES: iter =    1, residual = 3.1353e-02
    CPU time for solve the FCI-GF problem      0.06 sec, wall time      0.06 sec

Solving the EA Green's function.
    CPU time for setup the FCI-GF problem      4.83 sec, wall time      4.83 sec
    CPU time for initialize the Hamiltonian      0.00 sec, wall time      0.00 sec

GMRES Start
GMRES: nb  =    4, n = 104976,  m =   40
GMRES: tol = 1.00e-04, max_cycle =  100
GMRES: iter =    1, residual = 5.2707e-02
GMRES: iter =    2, residual = 7.0868e-02

GMRES Start
GMRES: nb  =    4, n = 104976,  m =   40
GMRES: tol = 1.00e-04, max_cycle =  100
GMRES: iter =    1, residual = 1.8094e-01
GMRES: iter =    2, residual = 5.2562e-01

GMRES Start
GMRES: nb  =    4, n = 104976,  m =   40
GMRES: tol = 1.00e-04, max_cycle =  100
GMRES: iter =    1, residual = 1.2636e-01
GMRES: iter =    2, residual = 9.1997e-02
GMRES: iter =    3, residual = 9.1997e-02
    CPU time for solve the FCI-GF problem     87.81 sec, wall time     87.82 sec

omega =  -7.47899160, s =   0.00059762
omega =  -0.75630252, s =   0.04813936
omega =   5.96638655, s =   0.00152389
