nph_max = 8
omegas  = 
-6.6387
 0.0840
 6.8067


Solving the IP Green's function.
    CPU time for setup the FCI-GF problem      4.91 sec, wall time      4.91 sec
    CPU time for initialize the Hamiltonian      0.00 sec, wall time      0.00 sec

GMRES Start
GMRES: nb  =    4, n = 6561,  m =   40
GMRES: tol = 1.00e-04, max_cycle =  100
GMRES: iter =    1, residual = 5.4001e-02

GMRES Start
GMRES: nb  =    4, n = 6561,  m =   40
GMRES: tol = 1.00e-04, max_cycle =  100
GMRES: iter =    1, residual = 1.1957e-01

GMRES Start
GMRES: nb  =    4, n = 6561,  m =   40
GMRES: tol = 1.00e-04, max_cycle =  100
GMRES: iter =    1, residual = 2.8363e-02
    CPU time for solve the FCI-GF problem      0.06 sec, wall time      0.06 sec

Solving the EA Green's function.
    CPU time for setup the FCI-GF problem      5.15 sec, wall time      5.14 sec
    CPU time for initialize the Hamiltonian      0.00 sec, wall time      0.00 sec

GMRES Start
GMRES: nb  =    4, n = 104976,  m =   40
GMRES: tol = 1.00e-04, max_cycle =  100
GMRES: iter =    1, residual = 5.7830e-02
GMRES: iter =    2, residual = 8.1204e-02

GMRES Start
GMRES: nb  =    4, n = 104976,  m =   40
GMRES: tol = 1.00e-04, max_cycle =  100
GMRES: iter =    1, residual = 2.6004e-01
GMRES: iter =    2, residual = 3.5087e+00

GMRES Start
GMRES: nb  =    4, n = 104976,  m =   40
GMRES: tol = 1.00e-04, max_cycle =  100
GMRES: iter =    1, residual = 1.0422e-01
GMRES: iter =    2, residual = 7.8767e-02
    CPU time for solve the FCI-GF problem     88.33 sec, wall time     88.27 sec

omega =  -6.63865546, s =   0.00074927
omega =   0.08403361, s =   2.50503087
omega =   6.80672269, s =   0.00110003
