nph_max = 8
omegas  = 
-6.3025
 0.4202
 7.1429


Solving the IP Green's function.
    CPU time for setup the FCI-GF problem      4.55 sec, wall time      4.56 sec
    CPU time for initialize the Hamiltonian      0.00 sec, wall time      0.00 sec

GMRES Start
GMRES: nb  =    4, n = 6561,  m =   40
GMRES: tol = 1.00e-04, max_cycle =  100
GMRES: iter =    1, residual = 5.8230e-02

GMRES Start
GMRES: nb  =    4, n = 6561,  m =   40
GMRES: tol = 1.00e-04, max_cycle =  100
GMRES: iter =    1, residual = 1.0300e-01

GMRES Start
GMRES: nb  =    4, n = 6561,  m =   40
GMRES: tol = 1.00e-04, max_cycle =  100
GMRES: iter =    1, residual = 2.7321e-02
    CPU time for solve the FCI-GF problem      0.06 sec, wall time      0.06 sec

Solving the EA Green's function.
    CPU time for setup the FCI-GF problem      4.73 sec, wall time      4.72 sec
    CPU time for initialize the Hamiltonian      0.00 sec, wall time      0.00 sec

GMRES Start
GMRES: nb  =    4, n = 104976,  m =   40
GMRES: tol = 1.00e-04, max_cycle =  100
GMRES: iter =    1, residual = 6.0169e-02
GMRES: iter =    2, residual = 8.6307e-02

GMRES Start
GMRES: nb  =    4, n = 104976,  m =   40
GMRES: tol = 1.00e-04, max_cycle =  100
GMRES: iter =    1, residual = 3.1515e-01
GMRES: iter =    2, residual = 8.4171e-01

GMRES Start
GMRES: nb  =    4, n = 104976,  m =   40
GMRES: tol = 1.00e-04, max_cycle =  100
GMRES: iter =    1, residual = 9.7391e-02
GMRES: iter =    2, residual = 7.4542e-02
GMRES: iter =    3, residual = 7.4542e-02
    CPU time for solve the FCI-GF problem     86.25 sec, wall time     86.18 sec

omega =  -6.30252101, s =   0.00082672
omega =   0.42016807, s =   0.14216704
omega =   7.14285714, s =   0.00097993
