nph_max = 8
omegas  = 
-4.2857
 2.4370
 9.1597


Solving the IP Green's function.
    CPU time for setup the FCI-GF problem      4.94 sec, wall time      9.81 sec
    CPU time for initialize the Hamiltonian      0.00 sec, wall time      0.00 sec

GMRES Start
GMRES: nb  =    4, n = 6561,  m =   40
GMRES: tol = 1.00e-04, max_cycle =  100
GMRES: iter =    1, residual = 1.0998e-01

GMRES Start
GMRES: nb  =    4, n = 6561,  m =   40
GMRES: tol = 1.00e-04, max_cycle =  100
GMRES: iter =    1, residual = 5.6254e-02

GMRES Start
GMRES: nb  =    4, n = 6561,  m =   40
GMRES: tol = 1.00e-04, max_cycle =  100
GMRES: iter =    1, residual = 2.2387e-02
    CPU time for solve the FCI-GF problem      0.06 sec, wall time      0.12 sec

Solving the EA Green's function.
    CPU time for setup the FCI-GF problem      5.15 sec, wall time     10.29 sec
    CPU time for initialize the Hamiltonian      0.00 sec, wall time      0.00 sec

GMRES Start
GMRES: nb  =    4, n = 104976,  m =   40
GMRES: tol = 1.00e-04, max_cycle =  100
GMRES: iter =    1, residual = 7.9453e-02
GMRES: iter =    2, residual = 1.4302e-01

GMRES Start
GMRES: nb  =    4, n = 104976,  m =   40
GMRES: tol = 1.00e-04, max_cycle =  100
GMRES: iter =    1, residual = 1.1509e+00
GMRES: iter =    2, residual = 5.8714e-01

GMRES Start
GMRES: nb  =    4, n = 104976,  m =   40
GMRES: tol = 1.00e-04, max_cycle =  100
GMRES: iter =    1, residual = 6.9919e-02
GMRES: iter =    2, residual = 5.6645e-02
    CPU time for solve the FCI-GF problem     62.08 sec, wall time    124.03 sec

omega =  -4.28571429, s =   0.00170326
omega =   2.43697479, s =   0.06958523
omega =   9.15966387, s =   0.00055156
