nph_max = 8
omegas  = 
-7.1429
-0.4202
 6.3025


Solving the IP Green's function.
    CPU time for setup the FCI-GF problem      4.78 sec, wall time      4.78 sec
    CPU time for initialize the Hamiltonian      0.00 sec, wall time      0.00 sec

GMRES Start
GMRES: nb  =    4, n = 6561,  m =   40
GMRES: tol = 1.00e-04, max_cycle =  100
GMRES: iter =    1, residual = 4.8695e-02

GMRES Start
GMRES: nb  =    4, n = 6561,  m =   40
GMRES: tol = 1.00e-04, max_cycle =  100
GMRES: iter =    1, residual = 1.5757e-01

GMRES Start
GMRES: nb  =    4, n = 6561,  m =   40
GMRES: tol = 1.00e-04, max_cycle =  100
GMRES: iter =    1, residual = 3.0084e-02
    CPU time for solve the FCI-GF problem      0.06 sec, wall time      0.06 sec

Solving the EA Green's function.
    CPU time for setup the FCI-GF problem      5.00 sec, wall time      5.00 sec
    CPU time for initialize the Hamiltonian      0.00 sec, wall time      0.00 sec

GMRES Start
GMRES: nb  =    4, n = 104976,  m =   40
GMRES: tol = 1.00e-04, max_cycle =  100
GMRES: iter =    1, residual = 5.4643e-02
GMRES: iter =    2, residual = 7.4649e-02

GMRES Start
GMRES: nb  =    4, n = 104976,  m =   40
GMRES: tol = 1.00e-04, max_cycle =  100
GMRES: iter =    1, residual = 2.0601e-01
GMRES: iter =    2, residual = 8.7280e-01

GMRES Start
GMRES: nb  =    4, n = 104976,  m =   40
GMRES: tol = 1.00e-04, max_cycle =  100
GMRES: iter =    1, residual = 1.1646e-01
GMRES: iter =    2, residual = 8.6166e-02
    CPU time for solve the FCI-GF problem     75.27 sec, wall time     75.31 sec

omega =  -7.14285714, s =   0.00065216
omega =  -0.42016807, s =   0.15013115
omega =   6.30252101, s =   0.00132817
