nph_max = 8
omegas  = 
-9.1597
-2.4370
 4.2857


Solving the IP Green's function.
    CPU time for setup the FCI-GF problem      4.57 sec, wall time      8.93 sec
    CPU time for initialize the Hamiltonian      0.00 sec, wall time      0.00 sec

GMRES Start
GMRES: nb  =    4, n = 6561,  m =   40
GMRES: tol = 1.00e-04, max_cycle =  100
GMRES: iter =    1, residual = 3.4959e-02

GMRES Start
GMRES: nb  =    4, n = 6561,  m =   40
GMRES: tol = 1.00e-04, max_cycle =  100
GMRES: iter =    1, residual = 5.7545e-01

GMRES Start
GMRES: nb  =    4, n = 6561,  m =   40
GMRES: tol = 1.00e-04, max_cycle =  100
GMRES: iter =    1, residual = 3.9726e-02
    CPU time for solve the FCI-GF problem      0.06 sec, wall time      0.11 sec

Solving the EA Green's function.
    CPU time for setup the FCI-GF problem      4.75 sec, wall time      9.52 sec
    CPU time for initialize the Hamiltonian      0.00 sec, wall time      0.00 sec

GMRES Start
GMRES: nb  =    4, n = 104976,  m =   40
GMRES: tol = 1.00e-04, max_cycle =  100
GMRES: iter =    1, residual = 4.4774e-02
GMRES: iter =    2, residual = 5.6708e-02

GMRES Start
GMRES: nb  =    4, n = 104976,  m =   40
GMRES: tol = 1.00e-04, max_cycle =  100
GMRES: iter =    1, residual = 1.1251e-01
GMRES: iter =    2, residual = 6.0230e-01

GMRES Start
GMRES: nb  =    4, n = 104976,  m =   40
GMRES: tol = 1.00e-04, max_cycle =  100
GMRES: iter =    1, residual = 2.1995e-01
GMRES: iter =    2, residual = 1.4275e-01
    CPU time for solve the FCI-GF problem     68.60 sec, wall time    137.09 sec

omega =  -9.15966387, s =   0.00040614
omega =  -2.43697479, s =   0.00644067
omega =   4.28571429, s =   0.00382957
