nph_max = 8
omegas  = 
-8.6555
-1.9328
 4.7899


Solving the IP Green's function.
    CPU time for setup the FCI-GF problem      4.65 sec, wall time      9.26 sec
    CPU time for initialize the Hamiltonian      0.00 sec, wall time      0.00 sec

GMRES Start
GMRES: nb  =    4, n = 6561,  m =   40
GMRES: tol = 1.00e-04, max_cycle =  100
GMRES: iter =    1, residual = 3.7612e-02

GMRES Start
GMRES: nb  =    4, n = 6561,  m =   40
GMRES: tol = 1.00e-04, max_cycle =  100
GMRES: iter =    1, residual = 3.0339e+00

GMRES Start
GMRES: nb  =    4, n = 6561,  m =   40
GMRES: tol = 1.00e-04, max_cycle =  100
GMRES: iter =    1, residual = 3.6779e-02
    CPU time for solve the FCI-GF problem      0.06 sec, wall time      0.12 sec

Solving the EA Green's function.
    CPU time for setup the FCI-GF problem      4.82 sec, wall time      9.64 sec
    CPU time for initialize the Hamiltonian      0.00 sec, wall time      0.00 sec

GMRES Start
GMRES: nb  =    4, n = 104976,  m =   40
GMRES: tol = 1.00e-04, max_cycle =  100
GMRES: iter =    1, residual = 4.6891e-02
GMRES: iter =    2, residual = 6.0298e-02

GMRES Start
GMRES: nb  =    4, n = 104976,  m =   40
GMRES: tol = 1.00e-04, max_cycle =  100
GMRES: iter =    1, residual = 1.2691e-01
GMRES: iter =    2, residual = 2.8862e+00

GMRES Start
GMRES: nb  =    4, n = 104976,  m =   40
GMRES: tol = 1.00e-04, max_cycle =  100
GMRES: iter =    1, residual = 1.7991e-01
GMRES: iter =    2, residual = 1.2179e-01
GMRES: iter =    3, residual = 1.2179e-01
    CPU time for solve the FCI-GF problem     78.93 sec, wall time    157.73 sec

omega =  -8.65546218, s =   0.00045250
omega =  -1.93277311, s =  -0.17813998
omega =   4.78991597, s =   0.00274648
