nph_max = 8
omegas  = 
-6.4706
 0.2521
 6.9748


Solving the IP Green's function.
    CPU time for setup the FCI-GF problem      4.61 sec, wall time      4.60 sec
    CPU time for initialize the Hamiltonian      0.00 sec, wall time      0.00 sec

GMRES Start
GMRES: nb  =    4, n = 6561,  m =   40
GMRES: tol = 1.00e-04, max_cycle =  100
GMRES: iter =    1, residual = 5.6036e-02

GMRES Start
GMRES: nb  =    4, n = 6561,  m =   40
GMRES: tol = 1.00e-04, max_cycle =  100
GMRES: iter =    1, residual = 1.1067e-01

GMRES Start
GMRES: nb  =    4, n = 6561,  m =   40
GMRES: tol = 1.00e-04, max_cycle =  100
GMRES: iter =    1, residual = 2.7833e-02
    CPU time for solve the FCI-GF problem      0.06 sec, wall time      0.06 sec

Solving the EA Green's function.
    CPU time for setup the FCI-GF problem      4.80 sec, wall time      4.80 sec
    CPU time for initialize the Hamiltonian      0.00 sec, wall time      0.00 sec

GMRES Start
GMRES: nb  =    4, n = 104976,  m =   40
GMRES: tol = 1.00e-04, max_cycle =  100
GMRES: iter =    1, residual = 5.8976e-02
GMRES: iter =    2, residual = 8.3672e-02

GMRES Start
GMRES: nb  =    4, n = 104976,  m =   40
GMRES: tol = 1.00e-04, max_cycle =  100
GMRES: iter =    1, residual = 2.8495e-01
GMRES: iter =    2, residual = 1.3499e+00

GMRES Start
GMRES: nb  =    4, n = 104976,  m =   40
GMRES: tol = 1.00e-04, max_cycle =  100
GMRES: iter =    1, residual = 1.0069e-01
GMRES: iter =    2, residual = 7.6592e-02
    CPU time for solve the FCI-GF problem     68.06 sec, wall time     68.04 sec

omega =  -6.47058824, s =   0.00078655
omega =   0.25210084, s =   0.36870439
omega =   6.97478992, s =   0.00103726
