nph_max = 8
omegas  = 
-7.6471
-0.9244
 5.7983


Solving the IP Green's function.
    CPU time for setup the FCI-GF problem      5.59 sec, wall time      5.60 sec
    CPU time for initialize the Hamiltonian      0.00 sec, wall time      0.00 sec

GMRES Start
GMRES: nb  =    4, n = 6561,  m =   40
GMRES: tol = 1.00e-04, max_cycle =  100
GMRES: iter =    1, residual = 4.4340e-02

GMRES Start
GMRES: nb  =    4, n = 6561,  m =   40
GMRES: tol = 1.00e-04, max_cycle =  100
GMRES: iter =    1, residual = 2.3099e-01

GMRES Start
GMRES: nb  =    4, n = 6561,  m =   40
GMRES: tol = 1.00e-04, max_cycle =  100
GMRES: iter =    1, residual = 3.2028e-02
    CPU time for solve the FCI-GF problem      0.07 sec, wall time      0.07 sec

Solving the EA Green's function.
    CPU time for setup the FCI-GF problem      5.90 sec, wall time      5.90 sec
    CPU time for initialize the Hamiltonian      0.00 sec, wall time      0.00 sec

GMRES Start
GMRES: nb  =    4, n = 104976,  m =   40
GMRES: tol = 1.00e-04, max_cycle =  100
GMRES: iter =    1, residual = 5.1789e-02
GMRES: iter =    2, residual = 6.9125e-02

GMRES Start
GMRES: nb  =    4, n = 104976,  m =   40
GMRES: tol = 1.00e-04, max_cycle =  100
GMRES: iter =    1, residual = 1.7057e-01
GMRES: iter =    2, residual = 5.0778e-01

GMRES Start
GMRES: nb  =    4, n = 104976,  m =   40
GMRES: tol = 1.00e-04, max_cycle =  100
GMRES: iter =    1, residual = 1.3197e-01
GMRES: iter =    2, residual = 9.5248e-02
GMRES: iter =    3, residual = 9.5248e-02
    CPU time for solve the FCI-GF problem     93.26 sec, wall time     93.44 sec

omega =  -7.64705882, s =   0.00057290
omega =  -0.92436975, s =   0.04165663
omega =   5.79831933, s =   0.00163915
