nph_max = 8
omegas  = 
-5.6303
 1.0924
 7.8151


Solving the IP Green's function.
    CPU time for setup the FCI-GF problem      4.95 sec, wall time      4.98 sec
    CPU time for initialize the Hamiltonian      0.00 sec, wall time      0.00 sec

GMRES Start
GMRES: nb  =    4, n = 6561,  m =   40
GMRES: tol = 1.00e-04, max_cycle =  100
GMRES: iter =    1, residual = 6.9049e-02

GMRES Start
GMRES: nb  =    4, n = 6561,  m =   40
GMRES: tol = 1.00e-04, max_cycle =  100
GMRES: iter =    1, residual = 8.0659e-02

GMRES Start
GMRES: nb  =    4, n = 6561,  m =   40
GMRES: tol = 1.00e-04, max_cycle =  100
GMRES: iter =    1, residual = 2.5451e-02
    CPU time for solve the FCI-GF problem      0.06 sec, wall time      0.06 sec

Solving the EA Green's function.
    CPU time for setup the FCI-GF problem      5.11 sec, wall time      5.12 sec
    CPU time for initialize the Hamiltonian      0.00 sec, wall time      0.00 sec

GMRES Start
GMRES: nb  =    4, n = 104976,  m =   40
GMRES: tol = 1.00e-04, max_cycle =  100
GMRES: iter =    1, residual = 6.5465e-02
GMRES: iter =    2, residual = 9.8941e-02

GMRES Start
GMRES: nb  =    4, n = 104976,  m =   40
GMRES: tol = 1.00e-04, max_cycle =  100
GMRES: iter =    1, residual = 5.4691e-01
GMRES: iter =    2, residual = 5.1250e-01

GMRES Start
GMRES: nb  =    4, n = 104976,  m =   40
GMRES: tol = 1.00e-04, max_cycle =  100
GMRES: iter =    1, residual = 8.6112e-02
GMRES: iter =    2, residual = 6.7381e-02
    CPU time for solve the FCI-GF problem     67.10 sec, wall time     67.19 sec

omega =  -5.63025210, s =   0.00102299
omega =   1.09243697, s =   0.05218237
omega =   7.81512605, s =   0.00079292
