nph_max = 8
omegas  = 
-6.1345
 0.5882
 7.3109


Solving the IP Green's function.
    CPU time for setup the FCI-GF problem      4.94 sec, wall time      4.94 sec
    CPU time for initialize the Hamiltonian      0.00 sec, wall time      0.00 sec

GMRES Start
GMRES: nb  =    4, n = 6561,  m =   40
GMRES: tol = 1.00e-04, max_cycle =  100
GMRES: iter =    1, residual = 6.0604e-02

GMRES Start
GMRES: nb  =    4, n = 6561,  m =   40
GMRES: tol = 1.00e-04, max_cycle =  100
GMRES: iter =    1, residual = 9.6333e-02

GMRES Start
GMRES: nb  =    4, n = 6561,  m =   40
GMRES: tol = 1.00e-04, max_cycle =  100
GMRES: iter =    1, residual = 2.6829e-02
    CPU time for solve the FCI-GF problem      0.06 sec, wall time      0.06 sec

Solving the EA Green's function.
    CPU time for setup the FCI-GF problem      5.17 sec, wall time      5.17 sec
    CPU time for initialize the Hamiltonian      0.00 sec, wall time      0.00 sec

GMRES Start
GMRES: nb  =    4, n = 104976,  m =   40
GMRES: tol = 1.00e-04, max_cycle =  100
GMRES: iter =    1, residual = 6.1411e-02
GMRES: iter =    2, residual = 8.9128e-02

GMRES Start
GMRES: nb  =    4, n = 104976,  m =   40
GMRES: tol = 1.00e-04, max_cycle =  100
GMRES: iter =    1, residual = 3.5249e-01
GMRES: iter =    2, residual = 6.2731e-01

GMRES Start
GMRES: nb  =    4, n = 104976,  m =   40
GMRES: tol = 1.00e-04, max_cycle =  100
GMRES: iter =    1, residual = 9.4303e-02
GMRES: iter =    2, residual = 7.2604e-02
    CPU time for solve the FCI-GF problem     75.10 sec, wall time     75.04 sec

omega =  -6.13445378, s =   0.00087007
omega =   0.58823529, s =   0.07827531
omega =   7.31092437, s =   0.00092724
