
Solving the IP Green's function.
    CPU time for setup the FCI-GF problem      1.22 sec, wall time      1.23 sec
    CPU time for initialize the Hamiltonian      0.00 sec, wall time      0.00 sec

GMRES Start
GMRES: nb  =    4, n = 1296,  m =   40
GMRES: tol = 1.00e-08, max_cycle =  100
GMRES: iter =    1, residual = 1.1281e-01

GMRES Start
GMRES: nb  =    4, n = 1296,  m =   40
GMRES: tol = 1.00e-08, max_cycle =  100
GMRES: iter =    1, residual = 1.1119e-01
    CPU time for solve the FCI-GF problem      0.02 sec, wall time      0.02 sec

Solving the EA Green's function.
    CPU time for setup the FCI-GF problem      1.26 sec, wall time      1.26 sec
    CPU time for initialize the Hamiltonian      0.00 sec, wall time      0.00 sec

GMRES Start
GMRES: nb  =    4, n = 20736,  m =   40
GMRES: tol = 1.00e-08, max_cycle =  100
GMRES: iter =    1, residual = 2.7829e-01
GMRES: iter =    2, residual = 1.6249e+00

GMRES Start
GMRES: nb  =    4, n = 20736,  m =   40
GMRES: tol = 1.00e-08, max_cycle =  100
GMRES: iter =    1, residual = 2.8338e-01
GMRES: iter =    2, residual = 1.4187e+00
    CPU time for solve the FCI-GF problem     24.75 sec, wall time     24.73 sec
omega = 0.209677, s = 0.033192
omega = 0.241935, s = 0.025218
