
Solving the IP Green's function.
    CPU time for setup the FCI-GF problem      1.21 sec, wall time      1.21 sec
    CPU time for initialize the Hamiltonian      0.00 sec, wall time      0.00 sec

GMRES Start
GMRES: nb  =    4, n = 1296,  m =   40
GMRES: tol = 1.00e-08, max_cycle =  100
GMRES: iter =    1, residual = 1.6598e-01

GMRES Start
GMRES: nb  =    4, n = 1296,  m =   40
GMRES: tol = 1.00e-08, max_cycle =  100
GMRES: iter =    1, residual = 1.6250e-01
    CPU time for solve the FCI-GF problem      0.02 sec, wall time      0.02 sec

Solving the EA Green's function.
    CPU time for setup the FCI-GF problem      1.24 sec, wall time      1.24 sec
    CPU time for initialize the Hamiltonian      0.00 sec, wall time      0.00 sec

GMRES Start
GMRES: nb  =    4, n = 20736,  m =   40
GMRES: tol = 1.00e-08, max_cycle =  100
GMRES: iter =    1, residual = 1.9947e-01
GMRES: iter =    2, residual = 7.4333e-01

GMRES Start
GMRES: nb  =    4, n = 20736,  m =   40
GMRES: tol = 1.00e-08, max_cycle =  100
GMRES: iter =    1, residual = 2.0207e-01
GMRES: iter =    2, residual = 7.9122e-01
    CPU time for solve the FCI-GF problem     18.10 sec, wall time     18.09 sec
omega = -0.500000, s = 0.006556
omega = -0.467742, s = 0.007511
