
Solving the IP Green's function.
    CPU time for setup the FCI-GF problem      1.13 sec, wall time      1.13 sec
    CPU time for initialize the Hamiltonian      0.00 sec, wall time      0.00 sec

GMRES Start
GMRES: nb  =    4, n = 1296,  m =   40
GMRES: tol = 1.00e-04, max_cycle =  100
GMRES: iter =    1, residual = 5.2642e-02

GMRES Start
GMRES: nb  =    4, n = 1296,  m =   40
GMRES: tol = 1.00e-04, max_cycle =  100
GMRES: iter =    1, residual = 4.9294e-02

GMRES Start
GMRES: nb  =    4, n = 1296,  m =   40
GMRES: tol = 1.00e-04, max_cycle =  100
GMRES: iter =    1, residual = 4.6346e-02

GMRES Start
GMRES: nb  =    4, n = 1296,  m =   40
GMRES: tol = 1.00e-04, max_cycle =  100
GMRES: iter =    1, residual = 4.3730e-02

GMRES Start
GMRES: nb  =    4, n = 1296,  m =   40
GMRES: tol = 1.00e-04, max_cycle =  100
GMRES: iter =    1, residual = 4.1394e-02

GMRES Start
GMRES: nb  =    4, n = 1296,  m =   40
GMRES: tol = 1.00e-04, max_cycle =  100
GMRES: iter =    1, residual = 3.9295e-02

GMRES Start
GMRES: nb  =    4, n = 1296,  m =   40
GMRES: tol = 1.00e-04, max_cycle =  100
GMRES: iter =    1, residual = 3.7399e-02

GMRES Start
GMRES: nb  =    4, n = 1296,  m =   40
GMRES: tol = 1.00e-04, max_cycle =  100
GMRES: iter =    1, residual = 3.5677e-02
    CPU time for solve the FCI-GF problem      0.07 sec, wall time      0.07 sec

Solving the EA Green's function.
    CPU time for setup the FCI-GF problem      1.15 sec, wall time      1.15 sec
    CPU time for initialize the Hamiltonian      0.00 sec, wall time      0.00 sec

GMRES Start
GMRES: nb  =    4, n = 20736,  m =   40
GMRES: tol = 1.00e-04, max_cycle =  100
GMRES: iter =    1, residual = 6.8518e-01
GMRES: iter =    2, residual = 3.6682e-01

GMRES Start
GMRES: nb  =    4, n = 20736,  m =   40
GMRES: tol = 1.00e-04, max_cycle =  100
GMRES: iter =    1, residual = 6.4757e-01
GMRES: iter =    2, residual = 3.3423e-01
GMRES: iter =    3, residual = 3.3431e-01
GMRES: iter =    4, residual = 3.3430e-01
GMRES: iter =    5, residual = 3.3430e-01

GMRES Start
GMRES: nb  =    4, n = 20736,  m =   40
GMRES: tol = 1.00e-04, max_cycle =  100
GMRES: iter =    1, residual = 3.6843e-01
GMRES: iter =    2, residual = 2.1572e-01

GMRES Start
GMRES: nb  =    4, n = 20736,  m =   40
GMRES: tol = 1.00e-04, max_cycle =  100
GMRES: iter =    1, residual = 2.9549e-01
GMRES: iter =    2, residual = 1.8054e-01

GMRES Start
GMRES: nb  =    4, n = 20736,  m =   40
GMRES: tol = 1.00e-04, max_cycle =  100
GMRES: iter =    1, residual = 2.5024e-01
GMRES: iter =    2, residual = 1.5759e-01
GMRES: iter =    3, residual = 1.5760e-01
GMRES: iter =    4, residual = 1.5760e-01
GMRES: iter =    5, residual = 1.5765e-01
GMRES: iter =    6, residual = 1.5765e-01
GMRES: iter =    7, residual = 1.5766e-01
GMRES: iter =    8, residual = 1.5765e-01
GMRES: iter =    9, residual = 1.5766e-01
GMRES: iter =   10, residual = 1.5766e-01
GMRES: iter =   11, residual = 1.5766e-01
GMRES: iter =   12, residual = 1.5766e-01
GMRES: iter =   13, residual = 1.5766e-01
GMRES: iter =   14, residual = 1.5766e-01
GMRES: iter =   15, residual = 1.5766e-01
GMRES: iter =   16, residual = 1.5766e-01

GMRES Start
GMRES: nb  =    4, n = 20736,  m =   40
GMRES: tol = 1.00e-04, max_cycle =  100
GMRES: iter =    1, residual = 2.1345e-01
GMRES: iter =    2, residual = 1.3940e-01

GMRES Start
GMRES: nb  =    4, n = 20736,  m =   40
GMRES: tol = 1.00e-04, max_cycle =  100
GMRES: iter =    1, residual = 1.8753e-01
GMRES: iter =    2, residual = 1.2585e-01

GMRES Start
GMRES: nb  =    4, n = 20736,  m =   40
GMRES: tol = 1.00e-04, max_cycle =  100
GMRES: iter =    1, residual = 1.6727e-01
GMRES: iter =    2, residual = 1.1498e-01
GMRES: iter =    3, residual = 1.1498e-01
GMRES: iter =    4, residual = 1.1498e-01
GMRES: iter =    5, residual = 1.1498e-01
GMRES: iter =    6, residual = 1.1498e-01
GMRES: iter =    7, residual = 1.1498e-01
GMRES: iter =    8, residual = 1.1498e-01
GMRES: iter =    9, residual = 1.1498e-01
GMRES: iter =   10, residual = 1.1498e-01
    CPU time for solve the FCI-GF problem    414.77 sec, wall time    414.45 sec
omega = 2.741935, s = 0.013423
omega = 3.064516, s = 0.011136
omega = 3.387097, s = 0.004521
omega = 3.709677, s = 0.003125
omega = 4.032258, s = 0.002357
omega = 4.354839, s = 0.001822
omega = 4.677419, s = 0.001471
omega = 5.000000, s = 0.001217
