
Solving the IP Green's function.
    CPU time for setup the FCI-GF problem      1.14 sec, wall time      1.14 sec
    CPU time for initialize the Hamiltonian      0.00 sec, wall time      0.00 sec

GMRES Start
GMRES: nb  =    4, n = 1296,  m =   40
GMRES: tol = 1.00e-04, max_cycle =  100
GMRES: iter =    1, residual = 8.3635e-02

GMRES Start
GMRES: nb  =    4, n = 1296,  m =   40
GMRES: tol = 1.00e-04, max_cycle =  100
GMRES: iter =    1, residual = 9.3766e-02

GMRES Start
GMRES: nb  =    4, n = 1296,  m =   40
GMRES: tol = 1.00e-04, max_cycle =  100
GMRES: iter =    1, residual = 1.0672e-01

GMRES Start
GMRES: nb  =    4, n = 1296,  m =   40
GMRES: tol = 1.00e-04, max_cycle =  100
GMRES: iter =    1, residual = 1.2512e-01

GMRES Start
GMRES: nb  =    4, n = 1296,  m =   40
GMRES: tol = 1.00e-04, max_cycle =  100
GMRES: iter =    1, residual = 1.4774e-01

GMRES Start
GMRES: nb  =    4, n = 1296,  m =   40
GMRES: tol = 1.00e-04, max_cycle =  100
GMRES: iter =    1, residual = 1.8422e-01

GMRES Start
GMRES: nb  =    4, n = 1296,  m =   40
GMRES: tol = 1.00e-04, max_cycle =  100
GMRES: iter =    1, residual = 3.2378e-01

GMRES Start
GMRES: nb  =    4, n = 1296,  m =   40
GMRES: tol = 1.00e-04, max_cycle =  100
GMRES: iter =    1, residual = 3.4259e-01

GMRES Start
GMRES: nb  =    4, n = 1296,  m =   40
GMRES: tol = 1.00e-04, max_cycle =  100
GMRES: iter =    1, residual = 6.0169e-01

GMRES Start
GMRES: nb  =    4, n = 1296,  m =   40
GMRES: tol = 1.00e-04, max_cycle =  100
GMRES: iter =    1, residual = 2.6483e+00

GMRES Start
GMRES: nb  =    4, n = 1296,  m =   40
GMRES: tol = 1.00e-04, max_cycle =  100
GMRES: iter =    1, residual = 1.0790e+00

GMRES Start
GMRES: nb  =    4, n = 1296,  m =   40
GMRES: tol = 1.00e-04, max_cycle =  100
GMRES: iter =    1, residual = 4.5112e-01

GMRES Start
GMRES: nb  =    4, n = 1296,  m =   40
GMRES: tol = 1.00e-04, max_cycle =  100
GMRES: iter =    1, residual = 2.8508e-01

GMRES Start
GMRES: nb  =    4, n = 1296,  m =   40
GMRES: tol = 1.00e-04, max_cycle =  100
GMRES: iter =    1, residual = 2.0838e-01

GMRES Start
GMRES: nb  =    4, n = 1296,  m =   40
GMRES: tol = 1.00e-04, max_cycle =  100
GMRES: iter =    1, residual = 1.6421e-01

GMRES Start
GMRES: nb  =    4, n = 1296,  m =   40
GMRES: tol = 1.00e-04, max_cycle =  100
GMRES: iter =    1, residual = 1.3549e-01

GMRES Start
GMRES: nb  =    4, n = 1296,  m =   40
GMRES: tol = 1.00e-04, max_cycle =  100
GMRES: iter =    1, residual = 1.1532e-01

GMRES Start
GMRES: nb  =    4, n = 1296,  m =   40
GMRES: tol = 1.00e-04, max_cycle =  100
GMRES: iter =    1, residual = 1.0038e-01

GMRES Start
GMRES: nb  =    4, n = 1296,  m =   40
GMRES: tol = 1.00e-04, max_cycle =  100
GMRES: iter =    1, residual = 8.8866e-02

GMRES Start
GMRES: nb  =    4, n = 1296,  m =   40
GMRES: tol = 1.00e-04, max_cycle =  100
GMRES: iter =    1, residual = 7.9723e-02

GMRES Start
GMRES: nb  =    4, n = 1296,  m =   40
GMRES: tol = 1.00e-04, max_cycle =  100
GMRES: iter =    1, residual = 7.2285e-02

GMRES Start
GMRES: nb  =    4, n = 1296,  m =   40
GMRES: tol = 1.00e-04, max_cycle =  100
GMRES: iter =    1, residual = 6.6117e-02

GMRES Start
GMRES: nb  =    4, n = 1296,  m =   40
GMRES: tol = 1.00e-04, max_cycle =  100
GMRES: iter =    1, residual = 6.0919e-02

GMRES Start
GMRES: nb  =    4, n = 1296,  m =   40
GMRES: tol = 1.00e-04, max_cycle =  100
GMRES: iter =    1, residual = 5.6479e-02

GMRES Start
GMRES: nb  =    4, n = 1296,  m =   40
GMRES: tol = 1.00e-04, max_cycle =  100
GMRES: iter =    1, residual = 5.2642e-02

GMRES Start
GMRES: nb  =    4, n = 1296,  m =   40
GMRES: tol = 1.00e-04, max_cycle =  100
GMRES: iter =    1, residual = 4.9294e-02

GMRES Start
GMRES: nb  =    4, n = 1296,  m =   40
GMRES: tol = 1.00e-04, max_cycle =  100
GMRES: iter =    1, residual = 4.6346e-02

GMRES Start
GMRES: nb  =    4, n = 1296,  m =   40
GMRES: tol = 1.00e-04, max_cycle =  100
GMRES: iter =    1, residual = 4.3730e-02

GMRES Start
GMRES: nb  =    4, n = 1296,  m =   40
GMRES: tol = 1.00e-04, max_cycle =  100
GMRES: iter =    1, residual = 4.1394e-02

GMRES Start
GMRES: nb  =    4, n = 1296,  m =   40
GMRES: tol = 1.00e-04, max_cycle =  100
GMRES: iter =    1, residual = 3.9295e-02

GMRES Start
GMRES: nb  =    4, n = 1296,  m =   40
GMRES: tol = 1.00e-04, max_cycle =  100
GMRES: iter =    1, residual = 3.7399e-02

GMRES Start
GMRES: nb  =    4, n = 1296,  m =   40
GMRES: tol = 1.00e-04, max_cycle =  100
GMRES: iter =    1, residual = 3.5677e-02
    CPU time for solve the FCI-GF problem      0.29 sec, wall time      0.29 sec

Solving the EA Green's function.
    CPU time for setup the FCI-GF problem      1.17 sec, wall time      1.17 sec
    CPU time for initialize the Hamiltonian      0.00 sec, wall time      0.00 sec

GMRES Start
GMRES: nb  =    4, n = 20736,  m =   40
GMRES: tol = 1.00e-04, max_cycle =  100
GMRES: iter =    1, residual = 7.1354e-02
GMRES: iter =    2, residual = 1.1520e-01

GMRES Start
GMRES: nb  =    4, n = 20736,  m =   40
GMRES: tol = 1.00e-04, max_cycle =  100
GMRES: iter =    1, residual = 7.4798e-02
GMRES: iter =    2, residual = 1.2611e-01

GMRES Start
GMRES: nb  =    4, n = 20736,  m =   40
GMRES: tol = 1.00e-04, max_cycle =  100
GMRES: iter =    1, residual = 7.8591e-02
GMRES: iter =    2, residual = 1.3968e-01

GMRES Start
GMRES: nb  =    4, n = 20736,  m =   40
GMRES: tol = 1.00e-04, max_cycle =  100
GMRES: iter =    1, residual = 8.2789e-02
GMRES: iter =    2, residual = 1.5713e-01

GMRES Start
GMRES: nb  =    4, n = 20736,  m =   40
GMRES: tol = 1.00e-04, max_cycle =  100
GMRES: iter =    1, residual = 8.7460e-02
GMRES: iter =    2, residual = 1.8063e-01

GMRES Start
GMRES: nb  =    4, n = 20736,  m =   40
GMRES: tol = 1.00e-04, max_cycle =  100
GMRES: iter =    1, residual = 9.2691e-02
GMRES: iter =    2, residual = 2.1442e-01

GMRES Start
GMRES: nb  =    4, n = 20736,  m =   40
GMRES: tol = 1.00e-04, max_cycle =  100
GMRES: iter =    1, residual = 9.8587e-02
GMRES: iter =    2, residual = 2.6805e-01

GMRES Start
GMRES: nb  =    4, n = 20736,  m =   40
GMRES: tol = 1.00e-04, max_cycle =  100
GMRES: iter =    1, residual = 1.0528e-01
GMRES: iter =    2, residual = 3.6837e-01

GMRES Start
GMRES: nb  =    4, n = 20736,  m =   40
GMRES: tol = 1.00e-04, max_cycle =  100
GMRES: iter =    1, residual = 1.1296e-01
GMRES: iter =    2, residual = 6.2863e-01

GMRES Start
GMRES: nb  =    4, n = 20736,  m =   40
GMRES: tol = 1.00e-04, max_cycle =  100
GMRES: iter =    1, residual = 1.2184e-01
GMRES: iter =    2, residual = 2.7989e+00

GMRES Start
GMRES: nb  =    4, n = 20736,  m =   40
GMRES: tol = 1.00e-04, max_cycle =  100
GMRES: iter =    1, residual = 1.3223e-01
GMRES: iter =    2, residual = 1.0773e+00

GMRES Start
GMRES: nb  =    4, n = 20736,  m =   40
GMRES: tol = 1.00e-04, max_cycle =  100
GMRES: iter =    1, residual = 1.4457e-01
GMRES: iter =    2, residual = 5.1693e-01

GMRES Start
GMRES: nb  =    4, n = 20736,  m =   40
GMRES: tol = 1.00e-04, max_cycle =  100
GMRES: iter =    1, residual = 1.5945e-01
GMRES: iter =    2, residual = 4.6999e-01

GMRES Start
GMRES: nb  =    4, n = 20736,  m =   40
GMRES: tol = 1.00e-04, max_cycle =  100
GMRES: iter =    1, residual = 1.7773e-01
GMRES: iter =    2, residual = 5.0684e-01

GMRES Start
GMRES: nb  =    4, n = 20736,  m =   40
GMRES: tol = 1.00e-04, max_cycle =  100
GMRES: iter =    1, residual = 2.0076e-01
GMRES: iter =    2, residual = 7.6593e-01

GMRES Start
GMRES: nb  =    4, n = 20736,  m =   40
GMRES: tol = 1.00e-04, max_cycle =  100
GMRES: iter =    1, residual = 2.3064e-01
GMRES: iter =    2, residual = 2.2924e+00

GMRES Start
GMRES: nb  =    4, n = 20736,  m =   40
GMRES: tol = 1.00e-04, max_cycle =  100
GMRES: iter =    1, residual = 2.7098e-01
GMRES: iter =    2, residual = 2.0714e+00

GMRES Start
GMRES: nb  =    4, n = 20736,  m =   40
GMRES: tol = 1.00e-04, max_cycle =  100
GMRES: iter =    1, residual = 3.2842e-01
GMRES: iter =    2, residual = 7.4315e-01

GMRES Start
GMRES: nb  =    4, n = 20736,  m =   40
GMRES: tol = 1.00e-04, max_cycle =  100
GMRES: iter =    1, residual = 4.1677e-01
GMRES: iter =    2, residual = 5.1654e-01

GMRES Start
GMRES: nb  =    4, n = 20736,  m =   40
GMRES: tol = 1.00e-04, max_cycle =  100
GMRES: iter =    1, residual = 5.7016e-01
GMRES: iter =    2, residual = 4.8214e-01

GMRES Start
GMRES: nb  =    4, n = 20736,  m =   40
GMRES: tol = 1.00e-04, max_cycle =  100
GMRES: iter =    1, residual = 9.0223e-01
GMRES: iter =    2, residual = 5.2475e-01

GMRES Start
GMRES: nb  =    4, n = 20736,  m =   40
GMRES: tol = 1.00e-04, max_cycle =  100
GMRES: iter =    1, residual = 2.1580e+00
GMRES: iter =    2, residual = 1.1283e+00

GMRES Start
GMRES: nb  =    4, n = 20736,  m =   40
GMRES: tol = 1.00e-04, max_cycle =  100
GMRES: iter =    1, residual = 5.2966e+00
GMRES: iter =    2, residual = 2.4924e+00
GMRES: iter =    3, residual = 2.4925e+00

GMRES Start
GMRES: nb  =    4, n = 20736,  m =   40
GMRES: tol = 1.00e-04, max_cycle =  100
GMRES: iter =    1, residual = 1.2034e+00
GMRES: iter =    2, residual = 6.1194e-01

GMRES Start
GMRES: nb  =    4, n = 20736,  m =   40
GMRES: tol = 1.00e-04, max_cycle =  100
GMRES: iter =    1, residual = 6.8518e-01
GMRES: iter =    2, residual = 3.6682e-01

GMRES Start
GMRES: nb  =    4, n = 20736,  m =   40
GMRES: tol = 1.00e-04, max_cycle =  100
GMRES: iter =    1, residual = 6.4757e-01
GMRES: iter =    2, residual = 3.3423e-01
GMRES: iter =    3, residual = 3.3431e-01
GMRES: iter =    4, residual = 3.3430e-01
GMRES: iter =    5, residual = 3.3430e-01

GMRES Start
GMRES: nb  =    4, n = 20736,  m =   40
GMRES: tol = 1.00e-04, max_cycle =  100
GMRES: iter =    1, residual = 3.6843e-01
GMRES: iter =    2, residual = 2.1572e-01

GMRES Start
GMRES: nb  =    4, n = 20736,  m =   40
GMRES: tol = 1.00e-04, max_cycle =  100
GMRES: iter =    1, residual = 2.9549e-01
GMRES: iter =    2, residual = 1.8054e-01

GMRES Start
GMRES: nb  =    4, n = 20736,  m =   40
GMRES: tol = 1.00e-04, max_cycle =  100
GMRES: iter =    1, residual = 2.5024e-01
GMRES: iter =    2, residual = 1.5759e-01
GMRES: iter =    3, residual = 1.5760e-01
GMRES: iter =    4, residual = 1.5760e-01
GMRES: iter =    5, residual = 1.5765e-01
GMRES: iter =    6, residual = 1.5765e-01
GMRES: iter =    7, residual = 1.5766e-01
GMRES: iter =    8, residual = 1.5765e-01
GMRES: iter =    9, residual = 1.5766e-01
GMRES: iter =   10, residual = 1.5766e-01
GMRES: iter =   11, residual = 1.5766e-01
GMRES: iter =   12, residual = 1.5766e-01
GMRES: iter =   13, residual = 1.5766e-01
GMRES: iter =   14, residual = 1.5766e-01
GMRES: iter =   15, residual = 1.5766e-01
GMRES: iter =   16, residual = 1.5766e-01

GMRES Start
GMRES: nb  =    4, n = 20736,  m =   40
GMRES: tol = 1.00e-04, max_cycle =  100
GMRES: iter =    1, residual = 2.1345e-01
GMRES: iter =    2, residual = 1.3940e-01

GMRES Start
GMRES: nb  =    4, n = 20736,  m =   40
GMRES: tol = 1.00e-04, max_cycle =  100
GMRES: iter =    1, residual = 1.8753e-01
GMRES: iter =    2, residual = 1.2585e-01

GMRES Start
GMRES: nb  =    4, n = 20736,  m =   40
GMRES: tol = 1.00e-04, max_cycle =  100
GMRES: iter =    1, residual = 1.6727e-01
GMRES: iter =    2, residual = 1.1498e-01
GMRES: iter =    3, residual = 1.1498e-01
GMRES: iter =    4, residual = 1.1498e-01
GMRES: iter =    5, residual = 1.1498e-01
GMRES: iter =    6, residual = 1.1498e-01
GMRES: iter =    7, residual = 1.1498e-01
GMRES: iter =    8, residual = 1.1498e-01
GMRES: iter =    9, residual = 1.1498e-01
GMRES: iter =   10, residual = 1.1498e-01
    CPU time for solve the FCI-GF problem    559.49 sec, wall time    559.32 sec
omega = -5.000000, s = 0.000639
omega = -4.677419, s = 0.000724
omega = -4.354839, s = 0.000827
omega = -4.032258, s = 0.000920
omega = -3.709677, s = 0.001100
omega = -3.387097, s = 0.001226
omega = -3.064516, s = -0.003360
omega = -2.741935, s = 0.001867
omega = -2.419355, s = 0.003375
omega = -2.096774, s = 0.083541
omega = -1.774194, s = -0.000372
omega = -1.451613, s = 0.006489
omega = -1.129032, s = 0.014222
omega = -0.806452, s = 0.021743
omega = -0.483871, s = 0.057008
omega = -0.161290, s = 0.533419
omega = 0.161290, s = 0.435682
omega = 0.483871, s = 0.055227
omega = 0.806452, s = 0.026372
omega = 1.129032, s = 0.023031
omega = 1.451613, s = 0.027516
omega = 1.774194, s = 0.129220
omega = 2.096774, s = 0.632411
omega = 2.419355, s = 0.037819
omega = 2.741935, s = 0.013423
omega = 3.064516, s = 0.011136
omega = 3.387097, s = 0.004521
omega = 3.709677, s = 0.003125
omega = 4.032258, s = 0.002357
omega = 4.354839, s = 0.001822
omega = 4.677419, s = 0.001471
omega = 5.000000, s = 0.001217
