
Solving the IP Green's function.
    CPU time for setup the FCI-GF problem      1.16 sec, wall time      1.17 sec
    CPU time for initialize the Hamiltonian      0.00 sec, wall time      0.00 sec

GMRES Start
GMRES: nb  =    4, n = 1296,  m =   40
GMRES: tol = 1.00e-08, max_cycle =  100
GMRES: iter =    1, residual = 3.7308e-02

GMRES Start
GMRES: nb  =    4, n = 1296,  m =   40
GMRES: tol = 1.00e-08, max_cycle =  100
GMRES: iter =    1, residual = 4.1283e-02
    CPU time for solve the FCI-GF problem      0.02 sec, wall time      0.02 sec

Solving the EA Green's function.
    CPU time for setup the FCI-GF problem      1.20 sec, wall time      1.20 sec
    CPU time for initialize the Hamiltonian      0.00 sec, wall time      0.00 sec

GMRES Start
GMRES: nb  =    4, n = 20736,  m =   40
GMRES: tol = 1.00e-08, max_cycle =  100
GMRES: iter =    1, residual = 4.6654e-02
GMRES: iter =    2, residual = 5.9890e-02

GMRES Start
GMRES: nb  =    4, n = 20736,  m =   40
GMRES: tol = 1.00e-08, max_cycle =  100
GMRES: iter =    1, residual = 4.9643e-02
GMRES: iter =    2, residual = 6.5162e-02
    CPU time for solve the FCI-GF problem      4.83 sec, wall time      4.83 sec
omega = -8.709677, s = 0.000112
omega = -8.064516, s = 0.000129
