
Solving the IP Green's function.
    CPU time for setup the FCI-GF problem      1.22 sec, wall time      1.23 sec
    CPU time for initialize the Hamiltonian      0.00 sec, wall time      0.00 sec

GMRES Start
GMRES: nb  =    4, n = 1296,  m =   40
GMRES: tol = 1.00e-08, max_cycle =  100
GMRES: iter =    1, residual = 4.0318e-02

GMRES Start
GMRES: nb  =    4, n = 1296,  m =   40
GMRES: tol = 1.00e-08, max_cycle =  100
GMRES: iter =    1, residual = 3.6518e-02
    CPU time for solve the FCI-GF problem      0.02 sec, wall time      0.02 sec

Solving the EA Green's function.
    CPU time for setup the FCI-GF problem      1.25 sec, wall time      1.25 sec
    CPU time for initialize the Hamiltonian      0.00 sec, wall time      0.00 sec

GMRES Start
GMRES: nb  =    4, n = 20736,  m =   40
GMRES: tol = 1.00e-08, max_cycle =  100
GMRES: iter =    1, residual = 2.2937e-01
GMRES: iter =    2, residual = 1.4756e-01
GMRES: iter =    3, residual = 1.4756e-01
GMRES: iter =    4, residual = 1.4756e-01
GMRES: iter =    5, residual = 1.4756e-01
GMRES: iter =    6, residual = 1.4756e-01
GMRES: iter =    7, residual = 1.4756e-01
GMRES: iter =    8, residual = 1.4756e-01
GMRES: iter =    9, residual = 1.4756e-01
GMRES: iter =   10, residual = 1.4756e-01
GMRES: iter =   11, residual = 1.4756e-01
GMRES: iter =   12, residual = 1.4756e-01
GMRES: iter =   13, residual = 1.4756e-01
GMRES: iter =   14, residual = 1.4756e-01
GMRES: iter =   15, residual = 1.4756e-01
GMRES: iter =   16, residual = 1.4756e-01
GMRES: iter =   17, residual = 1.4756e-01
GMRES: iter =   18, residual = 1.4756e-01
GMRES: iter =   19, residual = 1.4756e-01
GMRES: iter =   20, residual = 1.4756e-01
GMRES: iter =   21, residual = 1.4756e-01
GMRES: iter =   22, residual = 1.4756e-01
GMRES: iter =   23, residual = 1.4756e-01
GMRES: iter =   24, residual = 1.4756e-01

GMRES Start
GMRES: nb  =    4, n = 20736,  m =   40
GMRES: tol = 1.00e-08, max_cycle =  100
GMRES: iter =    1, residual = 1.7682e-01
GMRES: iter =    2, residual = 1.2014e-01
GMRES: iter =    3, residual = 1.2014e-01
GMRES: iter =    4, residual = 1.2014e-01
GMRES: iter =    5, residual = 1.2014e-01
GMRES: iter =    6, residual = 1.2014e-01
GMRES: iter =    7, residual = 1.2014e-01
GMRES: iter =    8, residual = 1.2014e-01
GMRES: iter =    9, residual = 1.2014e-01
GMRES: iter =   10, residual = 1.2014e-01
GMRES: iter =   11, residual = 1.2014e-01
GMRES: iter =   12, residual = 1.2014e-01
GMRES: iter =   13, residual = 1.2014e-01
GMRES: iter =   14, residual = 1.2014e-01
GMRES: iter =   15, residual = 1.2014e-01
GMRES: iter =   16, residual = 1.2014e-01
GMRES: iter =   17, residual = 1.2014e-01
GMRES: iter =   18, residual = 1.2014e-01
GMRES: iter =   19, residual = 1.2014e-01
GMRES: iter =   20, residual = 1.2014e-01
    CPU time for solve the FCI-GF problem    583.03 sec, wall time    582.58 sec
omega = 4.193548, s = 0.001026
omega = 4.838710, s = 0.000667
