
Solving the IP Green's function.
    CPU time for setup the FCI-GF problem      1.18 sec, wall time      1.19 sec
    CPU time for initialize the Hamiltonian      0.00 sec, wall time      0.00 sec

GMRES Start
GMRES: nb  =    4, n = 1296,  m =   40
GMRES: tol = 1.00e-08, max_cycle =  100
GMRES: iter =    1, residual = 6.9065e-02

GMRES Start
GMRES: nb  =    4, n = 1296,  m =   40
GMRES: tol = 1.00e-08, max_cycle =  100
GMRES: iter =    1, residual = 5.8616e-02
    CPU time for solve the FCI-GF problem      0.02 sec, wall time      0.02 sec

Solving the EA Green's function.
    CPU time for setup the FCI-GF problem      1.20 sec, wall time      1.20 sec
    CPU time for initialize the Hamiltonian      0.00 sec, wall time      0.00 sec

GMRES Start
GMRES: nb  =    4, n = 20736,  m =   40
GMRES: tol = 1.00e-08, max_cycle =  100
GMRES: iter =    1, residual = 1.2740e+00
GMRES: iter =    2, residual = 6.8719e-01
GMRES: iter =    3, residual = 6.8719e-01

GMRES Start
GMRES: nb  =    4, n = 20736,  m =   40
GMRES: tol = 1.00e-08, max_cycle =  100
GMRES: iter =    1, residual = 1.9689e+00
GMRES: iter =    2, residual = 9.7323e-01
GMRES: iter =    3, residual = 9.7323e-01
GMRES: iter =    4, residual = 9.7323e-01
GMRES: iter =    5, residual = 9.7323e-01
    CPU time for solve the FCI-GF problem     83.81 sec, wall time     83.74 sec
omega = 1.612903, s = 0.023807
omega = 2.258065, s = 0.048064
