
Solving the IP Green's function.
    CPU time for setup the FCI-GF problem      1.23 sec, wall time      1.24 sec
    CPU time for initialize the Hamiltonian      0.00 sec, wall time      0.00 sec

GMRES Start
GMRES: nb  =    4, n = 1296,  m =   40
GMRES: tol = 1.00e-08, max_cycle =  100
GMRES: iter =    1, residual = 8.8408e-02

GMRES Start
GMRES: nb  =    4, n = 1296,  m =   40
GMRES: tol = 1.00e-08, max_cycle =  100
GMRES: iter =    1, residual = 1.1469e-01
    CPU time for solve the FCI-GF problem      0.02 sec, wall time      0.02 sec

Solving the EA Green's function.
    CPU time for setup the FCI-GF problem      1.27 sec, wall time      1.27 sec
    CPU time for initialize the Hamiltonian      0.00 sec, wall time      0.00 sec

GMRES Start
GMRES: nb  =    4, n = 20736,  m =   40
GMRES: tol = 1.00e-08, max_cycle =  100
GMRES: iter =    1, residual = 7.3036e-02
GMRES: iter =    2, residual = 1.2038e-01

GMRES Start
GMRES: nb  =    4, n = 20736,  m =   40
GMRES: tol = 1.00e-08, max_cycle =  100
GMRES: iter =    1, residual = 8.0635e-02
GMRES: iter =    2, residual = 1.4781e-01
    CPU time for solve the FCI-GF problem      6.58 sec, wall time      6.58 sec
omega = -4.838710, s = 0.000340
omega = -4.193548, s = 0.000443
