
Solving the IP Green's function.
    CPU time for setup the FCI-GF problem      1.20 sec, wall time      1.21 sec
    CPU time for initialize the Hamiltonian      0.00 sec, wall time      0.00 sec

GMRES Start
GMRES: nb  =    4, n = 1296,  m =   40
GMRES: tol = 1.00e-08, max_cycle =  100
GMRES: iter =    1, residual = 9.8445e-01

GMRES Start
GMRES: nb  =    4, n = 1296,  m =   40
GMRES: tol = 1.00e-08, max_cycle =  100
GMRES: iter =    1, residual = 6.3700e-01
    CPU time for solve the FCI-GF problem      0.02 sec, wall time      0.02 sec

Solving the EA Green's function.
    CPU time for setup the FCI-GF problem      1.22 sec, wall time      1.22 sec
    CPU time for initialize the Hamiltonian      0.00 sec, wall time      0.00 sec

GMRES Start
GMRES: nb  =    4, n = 20736,  m =   40
GMRES: tol = 1.00e-08, max_cycle =  100
GMRES: iter =    1, residual = 1.1723e-01
GMRES: iter =    2, residual = 1.0181e+00

GMRES Start
GMRES: nb  =    4, n = 20736,  m =   40
GMRES: tol = 1.00e-08, max_cycle =  100
GMRES: iter =    1, residual = 1.3813e-01
GMRES: iter =    2, residual = 6.7077e-01
    CPU time for solve the FCI-GF problem     10.41 sec, wall time     10.40 sec
omega = -2.258065, s = 0.003431
omega = -1.612903, s = 0.002249
