
Solving the IP Green's function.
    CPU time for setup the FCI-GF problem      4.72 sec, wall time      9.23 sec
    CPU time for initialize the Hamiltonian      0.00 sec, wall time      0.00 sec

GMRES Start
GMRES: nb  =    4, n = 6561,  m =   40
GMRES: tol = 1.00e-04, max_cycle =  100
GMRES: iter =    1, residual = 8.4817e-02

GMRES Start
GMRES: nb  =    4, n = 6561,  m =   40
GMRES: tol = 1.00e-04, max_cycle =  100
GMRES: iter =    1, residual = 8.9955e-02

GMRES Start
GMRES: nb  =    4, n = 6561,  m =   40
GMRES: tol = 1.00e-04, max_cycle =  100
GMRES: iter =    1, residual = 9.5759e-02
    CPU time for solve the FCI-GF problem      0.06 sec, wall time      0.13 sec

Solving the EA Green's function.
    CPU time for setup the FCI-GF problem      4.88 sec, wall time      9.75 sec
    CPU time for initialize the Hamiltonian      0.00 sec, wall time      0.00 sec

GMRES Start
GMRES: nb  =    4, n = 104976,  m =   40
GMRES: tol = 1.00e-04, max_cycle =  100
GMRES: iter =    1, residual = 7.1784e-02
GMRES: iter =    2, residual = 1.1650e-01

GMRES Start
GMRES: nb  =    4, n = 104976,  m =   40
GMRES: tol = 1.00e-04, max_cycle =  100
GMRES: iter =    1, residual = 7.3559e-02
GMRES: iter =    2, residual = 1.2204e-01

GMRES Start
GMRES: nb  =    4, n = 104976,  m =   40
GMRES: tol = 1.00e-04, max_cycle =  100
GMRES: iter =    1, residual = 7.5424e-02
GMRES: iter =    2, residual = 1.2822e-01
    CPU time for solve the FCI-GF problem     19.11 sec, wall time     38.21 sec

omega = -4.957983, s = 0.001299
omega = -4.789916, s = 0.001386
omega = -4.621849, s = 0.001481
