
Solving the IP Green's function.
    CPU time for setup the FCI-GF problem      4.65 sec, wall time      9.27 sec
    CPU time for initialize the Hamiltonian      0.00 sec, wall time      0.00 sec

GMRES Start
GMRES: nb  =    4, n = 6561,  m =   40
GMRES: tol = 1.00e-04, max_cycle =  100
GMRES: iter =    1, residual = 4.1845e-02

GMRES Start
GMRES: nb  =    4, n = 6561,  m =   40
GMRES: tol = 1.00e-04, max_cycle =  100
GMRES: iter =    1, residual = 4.3056e-02

GMRES Start
GMRES: nb  =    4, n = 6561,  m =   40
GMRES: tol = 1.00e-04, max_cycle =  100
GMRES: iter =    1, residual = 4.4340e-02
    CPU time for solve the FCI-GF problem      0.06 sec, wall time      0.12 sec

Solving the EA Green's function.
    CPU time for setup the FCI-GF problem      4.87 sec, wall time      9.74 sec
    CPU time for initialize the Hamiltonian      0.00 sec, wall time      0.00 sec

GMRES Start
GMRES: nb  =    4, n = 104976,  m =   40
GMRES: tol = 1.00e-04, max_cycle =  100
GMRES: iter =    1, residual = 5.0047e-02
GMRES: iter =    2, residual = 6.5895e-02

GMRES Start
GMRES: nb  =    4, n = 104976,  m =   40
GMRES: tol = 1.00e-04, max_cycle =  100
GMRES: iter =    1, residual = 5.0903e-02
GMRES: iter =    2, residual = 6.7469e-02

GMRES Start
GMRES: nb  =    4, n = 104976,  m =   40
GMRES: tol = 1.00e-04, max_cycle =  100
GMRES: iter =    1, residual = 5.1789e-02
GMRES: iter =    2, residual = 6.9125e-02
    CPU time for solve the FCI-GF problem     14.91 sec, wall time     29.80 sec

omega = -7.983193, s = 0.000528
omega = -7.815126, s = 0.000550
omega = -7.647059, s = 0.000573
