
Solving the IP Green's function.
    CPU time for setup the FCI-GF problem      4.67 sec, wall time      9.14 sec
    CPU time for initialize the Hamiltonian      0.00 sec, wall time      0.00 sec

GMRES Start
GMRES: nb  =    4, n = 6561,  m =   40
GMRES: tol = 1.00e-04, max_cycle =  100
GMRES: iter =    1, residual = 7.2414e-02

GMRES Start
GMRES: nb  =    4, n = 6561,  m =   40
GMRES: tol = 1.00e-04, max_cycle =  100
GMRES: iter =    1, residual = 7.6123e-02

GMRES Start
GMRES: nb  =    4, n = 6561,  m =   40
GMRES: tol = 1.00e-04, max_cycle =  100
GMRES: iter =    1, residual = 8.0235e-02
    CPU time for solve the FCI-GF problem      0.06 sec, wall time      0.12 sec

Solving the EA Green's function.
    CPU time for setup the FCI-GF problem      4.84 sec, wall time      9.67 sec
    CPU time for initialize the Hamiltonian      0.00 sec, wall time      0.00 sec

GMRES Start
GMRES: nb  =    4, n = 104976,  m =   40
GMRES: tol = 1.00e-04, max_cycle =  100
GMRES: iter =    1, residual = 6.6938e-02
GMRES: iter =    2, residual = 1.0276e-01

GMRES Start
GMRES: nb  =    4, n = 104976,  m =   40
GMRES: tol = 1.00e-04, max_cycle =  100
GMRES: iter =    1, residual = 6.8479e-02
GMRES: iter =    2, residual = 1.0693e-01

GMRES Start
GMRES: nb  =    4, n = 104976,  m =   40
GMRES: tol = 1.00e-04, max_cycle =  100
GMRES: iter =    1, residual = 7.0093e-02
GMRES: iter =    2, residual = 1.1148e-01
    CPU time for solve the FCI-GF problem     18.85 sec, wall time     37.66 sec

omega = -5.462185, s = 0.001083
omega = -5.294118, s = 0.001149
omega = -5.126050, s = 0.001220
