
Solving the IP Green's function.
    CPU time for setup the FCI-GF problem      4.67 sec, wall time      9.04 sec
    CPU time for initialize the Hamiltonian      0.00 sec, wall time      0.00 sec

GMRES Start
GMRES: nb  =    4, n = 6561,  m =   40
GMRES: tol = 1.00e-04, max_cycle =  100
GMRES: iter =    1, residual = 3.5801e-02

GMRES Start
GMRES: nb  =    4, n = 6561,  m =   40
GMRES: tol = 1.00e-04, max_cycle =  100
GMRES: iter =    1, residual = 3.6684e-02

GMRES Start
GMRES: nb  =    4, n = 6561,  m =   40
GMRES: tol = 1.00e-04, max_cycle =  100
GMRES: iter =    1, residual = 3.7612e-02
    CPU time for solve the FCI-GF problem      0.06 sec, wall time      0.12 sec

Solving the EA Green's function.
    CPU time for setup the FCI-GF problem      4.87 sec, wall time      9.73 sec
    CPU time for initialize the Hamiltonian      0.00 sec, wall time      0.00 sec

GMRES Start
GMRES: nb  =    4, n = 104976,  m =   40
GMRES: tol = 1.00e-04, max_cycle =  100
GMRES: iter =    1, residual = 4.5458e-02
GMRES: iter =    2, residual = 5.7854e-02

GMRES Start
GMRES: nb  =    4, n = 104976,  m =   40
GMRES: tol = 1.00e-04, max_cycle =  100
GMRES: iter =    1, residual = 4.6164e-02
GMRES: iter =    2, residual = 5.9050e-02

GMRES Start
GMRES: nb  =    4, n = 104976,  m =   40
GMRES: tol = 1.00e-04, max_cycle =  100
GMRES: iter =    1, residual = 4.6891e-02
GMRES: iter =    2, residual = 6.0298e-02
    CPU time for solve the FCI-GF problem     15.07 sec, wall time     30.11 sec

omega = -8.991597, s = 0.000421
omega = -8.823529, s = 0.000436
omega = -8.655462, s = 0.000453
