
Solving the IP Green's function.
    CPU time for setup the FCI-GF problem      4.71 sec, wall time      9.42 sec
    CPU time for initialize the Hamiltonian      0.00 sec, wall time      0.00 sec

GMRES Start
GMRES: nb  =    4, n = 6561,  m =   40
GMRES: tol = 1.00e-04, max_cycle =  100
GMRES: iter =    1, residual = 2.1420e-02

GMRES Start
GMRES: nb  =    4, n = 6561,  m =   40
GMRES: tol = 1.00e-04, max_cycle =  100
GMRES: iter =    1, residual = 2.1116e-02

GMRES Start
GMRES: nb  =    4, n = 6561,  m =   40
GMRES: tol = 1.00e-04, max_cycle =  100
GMRES: iter =    1, residual = 2.0820e-02
    CPU time for solve the FCI-GF problem      0.06 sec, wall time      0.10 sec

Solving the EA Green's function.
    CPU time for setup the FCI-GF problem      4.90 sec, wall time      9.79 sec
    CPU time for initialize the Hamiltonian      0.00 sec, wall time      0.00 sec

GMRES Start
GMRES: nb  =    4, n = 104976,  m =   40
GMRES: tol = 1.00e-04, max_cycle =  100
GMRES: iter =    1, residual = 6.5313e-02
GMRES: iter =    2, residual = 5.3478e-02

GMRES Start
GMRES: nb  =    4, n = 104976,  m =   40
GMRES: tol = 1.00e-04, max_cycle =  100
GMRES: iter =    1, residual = 6.3910e-02
GMRES: iter =    2, residual = 5.2502e-02

GMRES Start
GMRES: nb  =    4, n = 104976,  m =   40
GMRES: tol = 1.00e-04, max_cycle =  100
GMRES: iter =    1, residual = 6.2566e-02
GMRES: iter =    2, residual = 5.1563e-02
    CPU time for solve the FCI-GF problem     22.74 sec, wall time     45.44 sec

omega = 9.663866, s = 0.000489
omega = 9.831933, s = 0.000471
omega = 10.000000, s = 0.000453
