
Solving the IP Green's function.
    CPU time for setup the FCI-GF problem      4.62 sec, wall time      9.06 sec
    CPU time for initialize the Hamiltonian      0.00 sec, wall time      0.00 sec

GMRES Start
GMRES: nb  =    4, n = 6561,  m =   40
GMRES: tol = 1.00e-04, max_cycle =  100
GMRES: iter =    1, residual = 4.0817e-02

GMRES Start
GMRES: nb  =    4, n = 6561,  m =   40
GMRES: tol = 1.00e-04, max_cycle =  100
GMRES: iter =    1, residual = 3.9726e-02

GMRES Start
GMRES: nb  =    4, n = 6561,  m =   40
GMRES: tol = 1.00e-04, max_cycle =  100
GMRES: iter =    1, residual = 3.8693e-02
    CPU time for solve the FCI-GF problem      0.06 sec, wall time      0.12 sec

Solving the EA Green's function.
    CPU time for setup the FCI-GF problem      4.77 sec, wall time      9.53 sec
    CPU time for initialize the Hamiltonian      0.00 sec, wall time      0.00 sec

GMRES Start
GMRES: nb  =    4, n = 104976,  m =   40
GMRES: tol = 1.00e-04, max_cycle =  100
GMRES: iter =    1, residual = 2.3777e-01
GMRES: iter =    2, residual = 1.5180e-01
GMRES: iter =    3, residual = 1.5181e-01
GMRES: iter =    4, residual = 1.5181e-01

GMRES Start
GMRES: nb  =    4, n = 104976,  m =   40
GMRES: tol = 1.00e-04, max_cycle =  100
GMRES: iter =    1, residual = 2.1995e-01
GMRES: iter =    2, residual = 1.4275e-01

GMRES Start
GMRES: nb  =    4, n = 104976,  m =   40
GMRES: tol = 1.00e-04, max_cycle =  100
GMRES: iter =    1, residual = 2.0474e-01
GMRES: iter =    2, residual = 1.3489e-01
    CPU time for solve the FCI-GF problem    234.47 sec, wall time    468.54 sec

omega = 4.117647, s = 0.004355
omega = 4.285714, s = 0.003830
omega = 4.453782, s = 0.003402
