
Solving the IP Green's function.
    CPU time for setup the FCI-GF problem      4.71 sec, wall time      9.12 sec
    CPU time for initialize the Hamiltonian      0.00 sec, wall time      0.00 sec

GMRES Start
GMRES: nb  =    4, n = 6561,  m =   40
GMRES: tol = 1.00e-04, max_cycle =  100
GMRES: iter =    1, residual = 2.3446e-02

GMRES Start
GMRES: nb  =    4, n = 6561,  m =   40
GMRES: tol = 1.00e-04, max_cycle =  100
GMRES: iter =    1, residual = 2.3082e-02

GMRES Start
GMRES: nb  =    4, n = 6561,  m =   40
GMRES: tol = 1.00e-04, max_cycle =  100
GMRES: iter =    1, residual = 2.2729e-02
    CPU time for solve the FCI-GF problem      0.06 sec, wall time      0.12 sec

Solving the EA Green's function.
    CPU time for setup the FCI-GF problem      4.90 sec, wall time      9.79 sec
    CPU time for initialize the Hamiltonian      0.00 sec, wall time      0.00 sec

GMRES Start
GMRES: nb  =    4, n = 104976,  m =   40
GMRES: tol = 1.00e-04, max_cycle =  100
GMRES: iter =    1, residual = 7.5223e-02
GMRES: iter =    2, residual = 6.0227e-02

GMRES Start
GMRES: nb  =    4, n = 104976,  m =   40
GMRES: tol = 1.00e-04, max_cycle =  100
GMRES: iter =    1, residual = 7.3368e-02
GMRES: iter =    2, residual = 5.8981e-02

GMRES Start
GMRES: nb  =    4, n = 104976,  m =   40
GMRES: tol = 1.00e-04, max_cycle =  100
GMRES: iter =    1, residual = 7.1602e-02
GMRES: iter =    2, residual = 5.7789e-02
    CPU time for solve the FCI-GF problem     32.61 sec, wall time     65.18 sec

omega = 8.655462, s = 0.000627
omega = 8.823529, s = 0.000600
omega = 8.991597, s = 0.000575
