
Solving the IP Green's function.
    CPU time for setup the FCI-GF problem      4.86 sec, wall time      9.70 sec
    CPU time for initialize the Hamiltonian      0.00 sec, wall time      0.00 sec

GMRES Start
GMRES: nb  =    4, n = 6561,  m =   40
GMRES: tol = 1.00e-04, max_cycle =  100
GMRES: iter =    1, residual = 3.7712e-02

GMRES Start
GMRES: nb  =    4, n = 6561,  m =   40
GMRES: tol = 1.00e-04, max_cycle =  100
GMRES: iter =    1, residual = 3.6779e-02

GMRES Start
GMRES: nb  =    4, n = 6561,  m =   40
GMRES: tol = 1.00e-04, max_cycle =  100
GMRES: iter =    1, residual = 3.5892e-02
    CPU time for solve the FCI-GF problem      0.06 sec, wall time      0.12 sec

Solving the EA Green's function.
    CPU time for setup the FCI-GF problem      5.05 sec, wall time     10.09 sec
    CPU time for initialize the Hamiltonian      0.00 sec, wall time      0.00 sec

GMRES Start
GMRES: nb  =    4, n = 104976,  m =   40
GMRES: tol = 1.00e-04, max_cycle =  100
GMRES: iter =    1, residual = 1.9152e-01
GMRES: iter =    2, residual = 1.2796e-01

GMRES Start
GMRES: nb  =    4, n = 104976,  m =   40
GMRES: tol = 1.00e-04, max_cycle =  100
GMRES: iter =    1, residual = 1.7991e-01
GMRES: iter =    2, residual = 1.2179e-01
GMRES: iter =    3, residual = 1.2179e-01

GMRES Start
GMRES: nb  =    4, n = 104976,  m =   40
GMRES: tol = 1.00e-04, max_cycle =  100
GMRES: iter =    1, residual = 1.6963e-01
GMRES: iter =    2, residual = 1.1627e-01
GMRES: iter =    3, residual = 1.1626e-01
    CPU time for solve the FCI-GF problem    218.81 sec, wall time    437.27 sec

omega = 4.621849, s = 0.003046
omega = 4.789916, s = 0.002746
omega = 4.957983, s = 0.002491
