
Solving the IP Green's function.
    CPU time for setup the FCI-GF problem      4.63 sec, wall time      4.64 sec
    CPU time for initialize the Hamiltonian      0.00 sec, wall time      0.00 sec

GMRES Start
GMRES: nb  =    4, n = 6561,  m =   40
GMRES: tol = 1.00e-04, max_cycle =  100
GMRES: iter =    1, residual = 3.0339e+00

GMRES Start
GMRES: nb  =    4, n = 6561,  m =   40
GMRES: tol = 1.00e-04, max_cycle =  100
GMRES: iter =    1, residual = 1.0261e+00

GMRES Start
GMRES: nb  =    4, n = 6561,  m =   40
GMRES: tol = 1.00e-04, max_cycle =  100
GMRES: iter =    1, residual = 6.0890e-01

GMRES Start
GMRES: nb  =    4, n = 6561,  m =   40
GMRES: tol = 1.00e-04, max_cycle =  100
GMRES: iter =    1, residual = 4.3232e-01

GMRES Start
GMRES: nb  =    4, n = 6561,  m =   40
GMRES: tol = 1.00e-04, max_cycle =  100
GMRES: iter =    1, residual = 3.3503e-01

GMRES Start
GMRES: nb  =    4, n = 6561,  m =   40
GMRES: tol = 1.00e-04, max_cycle =  100
GMRES: iter =    1, residual = 2.7346e-01
    CPU time for solve the FCI-GF problem      0.11 sec, wall time      0.11 sec

Solving the EA Green's function.
    CPU time for setup the FCI-GF problem      4.79 sec, wall time      4.79 sec
    CPU time for initialize the Hamiltonian      0.00 sec, wall time      0.00 sec

GMRES Start
GMRES: nb  =    4, n = 104976,  m =   40
GMRES: tol = 1.00e-04, max_cycle =  100
GMRES: iter =    1, residual = 1.2691e-01
GMRES: iter =    2, residual = 2.8862e+00

GMRES Start
GMRES: nb  =    4, n = 104976,  m =   40
GMRES: tol = 1.00e-04, max_cycle =  100
GMRES: iter =    1, residual = 1.3256e-01
GMRES: iter =    2, residual = 1.0280e+00

GMRES Start
GMRES: nb  =    4, n = 104976,  m =   40
GMRES: tol = 1.00e-04, max_cycle =  100
GMRES: iter =    1, residual = 1.3875e-01
GMRES: iter =    2, residual = 6.4599e-01

GMRES Start
GMRES: nb  =    4, n = 104976,  m =   40
GMRES: tol = 1.00e-04, max_cycle =  100
GMRES: iter =    1, residual = 1.4553e-01
GMRES: iter =    2, residual = 5.0329e-01

GMRES Start
GMRES: nb  =    4, n = 104976,  m =   40
GMRES: tol = 1.00e-04, max_cycle =  100
GMRES: iter =    1, residual = 1.5302e-01
GMRES: iter =    2, residual = 4.5107e-01

GMRES Start
GMRES: nb  =    4, n = 104976,  m =   40
GMRES: tol = 1.00e-04, max_cycle =  100
GMRES: iter =    1, residual = 1.6132e-01
GMRES: iter =    2, residual = 4.9816e-01
    CPU time for solve the FCI-GF problem     72.56 sec, wall time     72.50 sec

omega = -1.932773, s = -0.178140
omega = -1.764706, s = 0.000803
omega = -1.596639, s = 0.009483
omega = -1.428571, s = 0.013527
omega = -1.260504, s = 0.018583
omega = -1.092437, s = 0.035322
