
Solving the IP Green's function.
    CPU time for setup the FCI-GF problem      4.68 sec, wall time      4.70 sec
    CPU time for initialize the Hamiltonian      0.00 sec, wall time      0.00 sec

GMRES Start
GMRES: nb  =    4, n = 6561,  m =   40
GMRES: tol = 1.00e-04, max_cycle =  100
GMRES: iter =    1, residual = 3.0705e-02

GMRES Start
GMRES: nb  =    4, n = 6561,  m =   40
GMRES: tol = 1.00e-04, max_cycle =  100
GMRES: iter =    1, residual = 3.0084e-02

GMRES Start
GMRES: nb  =    4, n = 6561,  m =   40
GMRES: tol = 1.00e-04, max_cycle =  100
GMRES: iter =    1, residual = 2.9488e-02

GMRES Start
GMRES: nb  =    4, n = 6561,  m =   40
GMRES: tol = 1.00e-04, max_cycle =  100
GMRES: iter =    1, residual = 2.8915e-02

GMRES Start
GMRES: nb  =    4, n = 6561,  m =   40
GMRES: tol = 1.00e-04, max_cycle =  100
GMRES: iter =    1, residual = 2.8363e-02

GMRES Start
GMRES: nb  =    4, n = 6561,  m =   40
GMRES: tol = 1.00e-04, max_cycle =  100
GMRES: iter =    1, residual = 2.7833e-02
    CPU time for solve the FCI-GF problem      0.11 sec, wall time      0.11 sec

Solving the EA Green's function.
    CPU time for setup the FCI-GF problem      4.80 sec, wall time      4.79 sec
    CPU time for initialize the Hamiltonian      0.00 sec, wall time      0.00 sec

GMRES Start
GMRES: nb  =    4, n = 104976,  m =   40
GMRES: tol = 1.00e-04, max_cycle =  100
GMRES: iter =    1, residual = 1.2121e-01
GMRES: iter =    2, residual = 8.8978e-02

GMRES Start
GMRES: nb  =    4, n = 104976,  m =   40
GMRES: tol = 1.00e-04, max_cycle =  100
GMRES: iter =    1, residual = 1.1646e-01
GMRES: iter =    2, residual = 8.6166e-02

GMRES Start
GMRES: nb  =    4, n = 104976,  m =   40
GMRES: tol = 1.00e-04, max_cycle =  100
GMRES: iter =    1, residual = 1.1207e-01
GMRES: iter =    2, residual = 8.3538e-02

GMRES Start
GMRES: nb  =    4, n = 104976,  m =   40
GMRES: tol = 1.00e-04, max_cycle =  100
GMRES: iter =    1, residual = 1.0800e-01
GMRES: iter =    2, residual = 8.1077e-02

GMRES Start
GMRES: nb  =    4, n = 104976,  m =   40
GMRES: tol = 1.00e-04, max_cycle =  100
GMRES: iter =    1, residual = 1.0422e-01
GMRES: iter =    2, residual = 7.8767e-02

GMRES Start
GMRES: nb  =    4, n = 104976,  m =   40
GMRES: tol = 1.00e-04, max_cycle =  100
GMRES: iter =    1, residual = 1.0069e-01
GMRES: iter =    2, residual = 7.6592e-02
    CPU time for solve the FCI-GF problem    264.25 sec, wall time    264.05 sec

omega = 6.134454, s = 0.001421
omega = 6.302521, s = 0.001328
omega = 6.470588, s = 0.001245
omega = 6.638655, s = 0.001169
omega = 6.806723, s = 0.001100
omega = 6.974790, s = 0.001037
