
Solving the IP Green's function.
    CPU time for setup the FCI-GF problem      0.17 sec, wall time      0.18 sec
    CPU time for initialize the Hamiltonian      0.00 sec, wall time      0.00 sec

GMRES Start
GMRES: nb  =    4, n =   81,  m =   40
GMRES: tol = 1.00e-08, max_cycle =  100
GMRES: iter =    1, residual = 1.4169e-01

GMRES Start
GMRES: nb  =    4, n =   81,  m =   40
GMRES: tol = 1.00e-08, max_cycle =  100
GMRES: iter =    1, residual = 1.3915e-01

GMRES Start
GMRES: nb  =    4, n =   81,  m =   40
GMRES: tol = 1.00e-08, max_cycle =  100
GMRES: iter =    1, residual = 1.3669e-01

GMRES Start
GMRES: nb  =    4, n =   81,  m =   40
GMRES: tol = 1.00e-08, max_cycle =  100
GMRES: iter =    1, residual = 1.3432e-01

GMRES Start
GMRES: nb  =    4, n =   81,  m =   40
GMRES: tol = 1.00e-08, max_cycle =  100
GMRES: iter =    1, residual = 1.3203e-01

GMRES Start
GMRES: nb  =    4, n =   81,  m =   40
GMRES: tol = 1.00e-08, max_cycle =  100
GMRES: iter =    1, residual = 1.2982e-01

GMRES Start
GMRES: nb  =    4, n =   81,  m =   40
GMRES: tol = 1.00e-08, max_cycle =  100
GMRES: iter =    1, residual = 1.2768e-01

GMRES Start
GMRES: nb  =    4, n =   81,  m =   40
GMRES: tol = 1.00e-08, max_cycle =  100
GMRES: iter =    1, residual = 1.2561e-01
    CPU time for solve the FCI-GF problem      0.04 sec, wall time      0.04 sec
omega = -0.241935, s = -0.000969
omega = -0.209677, s = -0.000969
omega = -0.177419, s = -0.000969
omega = -0.145161, s = -0.000969
