
Solving the IP Green's function.
    CPU time for setup the FCI-GF problem      0.16 sec, wall time      0.16 sec
    CPU time for initialize the Hamiltonian      0.00 sec, wall time      0.00 sec

GMRES Start
GMRES: nb  =    4, n =   81,  m =   40
GMRES: tol = 1.00e-08, max_cycle =  100
GMRES: iter =    1, residual = 1.0961e-01

GMRES Start
GMRES: nb  =    4, n =   81,  m =   40
GMRES: tol = 1.00e-08, max_cycle =  100
GMRES: iter =    1, residual = 1.0808e-01

GMRES Start
GMRES: nb  =    4, n =   81,  m =   40
GMRES: tol = 1.00e-08, max_cycle =  100
GMRES: iter =    1, residual = 1.0660e-01

GMRES Start
GMRES: nb  =    4, n =   81,  m =   40
GMRES: tol = 1.00e-08, max_cycle =  100
GMRES: iter =    1, residual = 1.0515e-01

GMRES Start
GMRES: nb  =    4, n =   81,  m =   40
GMRES: tol = 1.00e-08, max_cycle =  100
GMRES: iter =    1, residual = 1.0374e-01

GMRES Start
GMRES: nb  =    4, n =   81,  m =   40
GMRES: tol = 1.00e-08, max_cycle =  100
GMRES: iter =    1, residual = 1.0237e-01

GMRES Start
GMRES: nb  =    4, n =   81,  m =   40
GMRES: tol = 1.00e-08, max_cycle =  100
GMRES: iter =    1, residual = 1.0104e-01

GMRES Start
GMRES: nb  =    4, n =   81,  m =   40
GMRES: tol = 1.00e-08, max_cycle =  100
GMRES: iter =    1, residual = 9.9736e-02
    CPU time for solve the FCI-GF problem      0.04 sec, wall time      0.04 sec
omega = 0.274194, s = -0.000587
omega = 0.306452, s = -0.000587
omega = 0.338710, s = -0.000587
omega = 0.370968, s = -0.000587
