
Solving the IP Green's function.
    CPU time for setup the FCI-GF problem      0.18 sec, wall time      0.18 sec
    CPU time for initialize the Hamiltonian      0.00 sec, wall time      0.00 sec

GMRES Start
GMRES: nb  =    4, n =   81,  m =   40
GMRES: tol = 1.00e-08, max_cycle =  100
GMRES: iter =    1, residual = 1.6598e-01

GMRES Start
GMRES: nb  =    4, n =   81,  m =   40
GMRES: tol = 1.00e-08, max_cycle =  100
GMRES: iter =    1, residual = 1.6250e-01

GMRES Start
GMRES: nb  =    4, n =   81,  m =   40
GMRES: tol = 1.00e-08, max_cycle =  100
GMRES: iter =    1, residual = 1.5916e-01

GMRES Start
GMRES: nb  =    4, n =   81,  m =   40
GMRES: tol = 1.00e-08, max_cycle =  100
GMRES: iter =    1, residual = 1.5595e-01

GMRES Start
GMRES: nb  =    4, n =   81,  m =   40
GMRES: tol = 1.00e-08, max_cycle =  100
GMRES: iter =    1, residual = 1.5288e-01

GMRES Start
GMRES: nb  =    4, n =   81,  m =   40
GMRES: tol = 1.00e-08, max_cycle =  100
GMRES: iter =    1, residual = 1.4992e-01

GMRES Start
GMRES: nb  =    4, n =   81,  m =   40
GMRES: tol = 1.00e-08, max_cycle =  100
GMRES: iter =    1, residual = 1.4707e-01

GMRES Start
GMRES: nb  =    4, n =   81,  m =   40
GMRES: tol = 1.00e-08, max_cycle =  100
GMRES: iter =    1, residual = 1.4433e-01
    CPU time for solve the FCI-GF problem      0.04 sec, wall time      0.04 sec
omega = -0.500000, s = -0.001319
omega = -0.467742, s = -0.001319
omega = -0.435484, s = -0.001319
omega = -0.403226, s = -0.001319
