
Solving the IP Green's function.
    CPU time for setup the FCI-GF problem      0.20 sec, wall time      0.21 sec
    CPU time for initialize the Hamiltonian      0.00 sec, wall time      0.00 sec

GMRES Start
GMRES: nb  =    4, n =   81,  m =   40
GMRES: tol = 1.00e-08, max_cycle =  100
GMRES: iter =    1, residual = 1.2360e-01

GMRES Start
GMRES: nb  =    4, n =   81,  m =   40
GMRES: tol = 1.00e-08, max_cycle =  100
GMRES: iter =    1, residual = 1.2166e-01

GMRES Start
GMRES: nb  =    4, n =   81,  m =   40
GMRES: tol = 1.00e-08, max_cycle =  100
GMRES: iter =    1, residual = 1.1978e-01

GMRES Start
GMRES: nb  =    4, n =   81,  m =   40
GMRES: tol = 1.00e-08, max_cycle =  100
GMRES: iter =    1, residual = 1.1796e-01

GMRES Start
GMRES: nb  =    4, n =   81,  m =   40
GMRES: tol = 1.00e-08, max_cycle =  100
GMRES: iter =    1, residual = 1.1619e-01

GMRES Start
GMRES: nb  =    4, n =   81,  m =   40
GMRES: tol = 1.00e-08, max_cycle =  100
GMRES: iter =    1, residual = 1.1447e-01

GMRES Start
GMRES: nb  =    4, n =   81,  m =   40
GMRES: tol = 1.00e-08, max_cycle =  100
GMRES: iter =    1, residual = 1.1281e-01

GMRES Start
GMRES: nb  =    4, n =   81,  m =   40
GMRES: tol = 1.00e-08, max_cycle =  100
GMRES: iter =    1, residual = 1.1119e-01
    CPU time for solve the FCI-GF problem      0.05 sec, wall time      0.05 sec
omega = 0.016129, s = -0.000743
omega = 0.048387, s = -0.000743
omega = 0.080645, s = -0.000743
omega = 0.112903, s = -0.000743
