
Solving the IP Green's function.
    CPU time for setup the FCI-GF problem      4.82 sec, wall time      9.62 sec
    CPU time for initialize the Hamiltonian      0.00 sec, wall time      0.00 sec

GMRES Start
GMRES: nb  =    4, n = 6561,  m =   40
GMRES: tol = 1.00e-04, max_cycle =  100
GMRES: iter =    1, residual = 3.3390e-02

GMRES Start
GMRES: nb  =    4, n = 6561,  m =   40
GMRES: tol = 1.00e-04, max_cycle =  100
GMRES: iter =    1, residual = 3.4157e-02

GMRES Start
GMRES: nb  =    4, n = 6561,  m =   40
GMRES: tol = 1.00e-04, max_cycle =  100
GMRES: iter =    1, residual = 3.4959e-02
    CPU time for solve the FCI-GF problem      0.06 sec, wall time      0.11 sec

Solving the EA Green's function.
    CPU time for setup the FCI-GF problem      4.99 sec, wall time      9.98 sec
    CPU time for initialize the Hamiltonian      0.00 sec, wall time      0.00 sec

GMRES Start
GMRES: nb  =    4, n = 104976,  m =   40
GMRES: tol = 1.00e-04, max_cycle =  100
GMRES: iter =    1, residual = 4.3466e-02
GMRES: iter =    2, residual = 5.4551e-02

GMRES Start
GMRES: nb  =    4, n = 104976,  m =   40
GMRES: tol = 1.00e-04, max_cycle =  100
GMRES: iter =    1, residual = 4.4110e-02
GMRES: iter =    2, residual = 5.5608e-02

GMRES Start
GMRES: nb  =    4, n = 104976,  m =   40
GMRES: tol = 1.00e-04, max_cycle =  100
GMRES: iter =    1, residual = 4.4774e-02
GMRES: iter =    2, residual = 5.6708e-02
    CPU time for solve the FCI-GF problem     15.24 sec, wall time     30.45 sec

omega = -9.495798, s = 0.000379
omega = -9.327731, s = 0.000392
omega = -9.159664, s = 0.000406
