
Solving the IP Green's function.
    CPU time for setup the FCI-GF problem      4.69 sec, wall time      9.31 sec
    CPU time for initialize the Hamiltonian      0.00 sec, wall time      0.00 sec

GMRES Start
GMRES: nb  =    4, n = 6561,  m =   40
GMRES: tol = 1.00e-04, max_cycle =  100
GMRES: iter =    1, residual = 3.8588e-02

GMRES Start
GMRES: nb  =    4, n = 6561,  m =   40
GMRES: tol = 1.00e-04, max_cycle =  100
GMRES: iter =    1, residual = 3.9615e-02

GMRES Start
GMRES: nb  =    4, n = 6561,  m =   40
GMRES: tol = 1.00e-04, max_cycle =  100
GMRES: iter =    1, residual = 4.0699e-02
    CPU time for solve the FCI-GF problem      0.06 sec, wall time      0.11 sec

Solving the EA Green's function.
    CPU time for setup the FCI-GF problem      4.88 sec, wall time      9.75 sec
    CPU time for initialize the Hamiltonian      0.00 sec, wall time      0.00 sec

GMRES Start
GMRES: nb  =    4, n = 104976,  m =   40
GMRES: tol = 1.00e-04, max_cycle =  100
GMRES: iter =    1, residual = 4.7642e-02
GMRES: iter =    2, residual = 6.1602e-02

GMRES Start
GMRES: nb  =    4, n = 104976,  m =   40
GMRES: tol = 1.00e-04, max_cycle =  100
GMRES: iter =    1, residual = 4.8418e-02
GMRES: iter =    2, residual = 6.2967e-02

GMRES Start
GMRES: nb  =    4, n = 104976,  m =   40
GMRES: tol = 1.00e-04, max_cycle =  100
GMRES: iter =    1, residual = 4.9219e-02
GMRES: iter =    2, residual = 6.4396e-02
    CPU time for solve the FCI-GF problem     15.39 sec, wall time     30.76 sec

omega = -8.487395, s = 0.000470
omega = -8.319328, s = 0.000488
omega = -8.151261, s = 0.000507
