
Solving the IP Green's function.
    CPU time for setup the FCI-GF problem      4.76 sec, wall time      4.75 sec
    CPU time for initialize the Hamiltonian      0.00 sec, wall time      0.00 sec

GMRES Start
GMRES: nb  =    4, n = 6561,  m =   40
GMRES: tol = 1.00e-04, max_cycle =  100
GMRES: iter =    1, residual = 2.3099e-01

GMRES Start
GMRES: nb  =    4, n = 6561,  m =   40
GMRES: tol = 1.00e-04, max_cycle =  100
GMRES: iter =    1, residual = 1.9994e-01

GMRES Start
GMRES: nb  =    4, n = 6561,  m =   40
GMRES: tol = 1.00e-04, max_cycle =  100
GMRES: iter =    1, residual = 1.7625e-01
    CPU time for solve the FCI-GF problem      0.06 sec, wall time      0.06 sec

Solving the EA Green's function.
    CPU time for setup the FCI-GF problem      4.89 sec, wall time      4.89 sec
    CPU time for initialize the Hamiltonian      0.00 sec, wall time      0.00 sec

GMRES Start
GMRES: nb  =    4, n = 104976,  m =   40
GMRES: tol = 1.00e-04, max_cycle =  100
GMRES: iter =    1, residual = 1.7057e-01
GMRES: iter =    2, residual = 5.0778e-01

GMRES Start
GMRES: nb  =    4, n = 104976,  m =   40
GMRES: tol = 1.00e-04, max_cycle =  100
GMRES: iter =    1, residual = 1.8094e-01
GMRES: iter =    2, residual = 5.2562e-01

GMRES Start
GMRES: nb  =    4, n = 104976,  m =   40
GMRES: tol = 1.00e-04, max_cycle =  100
GMRES: iter =    1, residual = 1.9267e-01
GMRES: iter =    2, residual = 6.4051e-01
    CPU time for solve the FCI-GF problem     46.77 sec, wall time     46.79 sec

omega = -0.924370, s = 0.041657
omega = -0.756303, s = 0.048139
omega = -0.588235, s = 0.077249
