
Solving the IP Green's function.
    CPU time for setup the FCI-GF problem      4.65 sec, wall time      9.17 sec
    CPU time for initialize the Hamiltonian      0.00 sec, wall time      0.00 sec

GMRES Start
GMRES: nb  =    4, n = 6561,  m =   40
GMRES: tol = 1.00e-04, max_cycle =  100
GMRES: iter =    1, residual = 2.8915e-02

GMRES Start
GMRES: nb  =    4, n = 6561,  m =   40
GMRES: tol = 1.00e-04, max_cycle =  100
GMRES: iter =    1, residual = 2.8363e-02

GMRES Start
GMRES: nb  =    4, n = 6561,  m =   40
GMRES: tol = 1.00e-04, max_cycle =  100
GMRES: iter =    1, residual = 2.7833e-02
    CPU time for solve the FCI-GF problem      0.06 sec, wall time      0.14 sec

Solving the EA Green's function.
    CPU time for setup the FCI-GF problem      4.88 sec, wall time      9.76 sec
    CPU time for initialize the Hamiltonian      0.00 sec, wall time      0.00 sec

GMRES Start
GMRES: nb  =    4, n = 104976,  m =   40
GMRES: tol = 1.00e-04, max_cycle =  100
GMRES: iter =    1, residual = 1.0800e-01
GMRES: iter =    2, residual = 8.1077e-02

GMRES Start
GMRES: nb  =    4, n = 104976,  m =   40
GMRES: tol = 1.00e-04, max_cycle =  100
GMRES: iter =    1, residual = 1.0422e-01
GMRES: iter =    2, residual = 7.8767e-02

GMRES Start
GMRES: nb  =    4, n = 104976,  m =   40
GMRES: tol = 1.00e-04, max_cycle =  100
GMRES: iter =    1, residual = 1.0069e-01
GMRES: iter =    2, residual = 7.6592e-02
    CPU time for solve the FCI-GF problem    129.20 sec, wall time    258.17 sec

omega = 6.638655, s = 0.001169
omega = 6.806723, s = 0.001100
omega = 6.974790, s = 0.001037
