
Solving the IP Green's function.
    CPU time for setup the FCI-GF problem      0.19 sec, wall time      0.20 sec
    CPU time for initialize the Hamiltonian      0.00 sec, wall time      0.00 sec

GMRES Start
GMRES: nb  =    4, n =   81,  m =   40
GMRES: tol = 1.00e-08, max_cycle =  100
GMRES: iter =    1, residual = 1.6598e-01

GMRES Start
GMRES: nb  =    4, n =   81,  m =   40
GMRES: tol = 1.00e-08, max_cycle =  100
GMRES: iter =    1, residual = 1.6250e-01

GMRES Start
GMRES: nb  =    4, n =   81,  m =   40
GMRES: tol = 1.00e-08, max_cycle =  100
GMRES: iter =    1, residual = 1.5916e-01

GMRES Start
GMRES: nb  =    4, n =   81,  m =   40
GMRES: tol = 1.00e-08, max_cycle =  100
GMRES: iter =    1, residual = 1.5595e-01

GMRES Start
GMRES: nb  =    4, n =   81,  m =   40
GMRES: tol = 1.00e-08, max_cycle =  100
GMRES: iter =    1, residual = 1.5288e-01

GMRES Start
GMRES: nb  =    4, n =   81,  m =   40
GMRES: tol = 1.00e-08, max_cycle =  100
GMRES: iter =    1, residual = 1.4992e-01

GMRES Start
GMRES: nb  =    4, n =   81,  m =   40
GMRES: tol = 1.00e-08, max_cycle =  100
GMRES: iter =    1, residual = 1.4707e-01

GMRES Start
GMRES: nb  =    4, n =   81,  m =   40
GMRES: tol = 1.00e-08, max_cycle =  100
GMRES: iter =    1, residual = 1.4433e-01

GMRES Start
GMRES: nb  =    4, n =   81,  m =   40
GMRES: tol = 1.00e-08, max_cycle =  100
GMRES: iter =    1, residual = 1.4169e-01

GMRES Start
GMRES: nb  =    4, n =   81,  m =   40
GMRES: tol = 1.00e-08, max_cycle =  100
GMRES: iter =    1, residual = 1.3915e-01

GMRES Start
GMRES: nb  =    4, n =   81,  m =   40
GMRES: tol = 1.00e-08, max_cycle =  100
GMRES: iter =    1, residual = 1.3669e-01

GMRES Start
GMRES: nb  =    4, n =   81,  m =   40
GMRES: tol = 1.00e-08, max_cycle =  100
GMRES: iter =    1, residual = 1.3432e-01

GMRES Start
GMRES: nb  =    4, n =   81,  m =   40
GMRES: tol = 1.00e-08, max_cycle =  100
GMRES: iter =    1, residual = 1.3203e-01

GMRES Start
GMRES: nb  =    4, n =   81,  m =   40
GMRES: tol = 1.00e-08, max_cycle =  100
GMRES: iter =    1, residual = 1.2982e-01

GMRES Start
GMRES: nb  =    4, n =   81,  m =   40
GMRES: tol = 1.00e-08, max_cycle =  100
GMRES: iter =    1, residual = 1.2768e-01

GMRES Start
GMRES: nb  =    4, n =   81,  m =   40
GMRES: tol = 1.00e-08, max_cycle =  100
GMRES: iter =    1, residual = 1.2561e-01

GMRES Start
GMRES: nb  =    4, n =   81,  m =   40
GMRES: tol = 1.00e-08, max_cycle =  100
GMRES: iter =    1, residual = 1.2360e-01

GMRES Start
GMRES: nb  =    4, n =   81,  m =   40
GMRES: tol = 1.00e-08, max_cycle =  100
GMRES: iter =    1, residual = 1.2166e-01

GMRES Start
GMRES: nb  =    4, n =   81,  m =   40
GMRES: tol = 1.00e-08, max_cycle =  100
GMRES: iter =    1, residual = 1.1978e-01

GMRES Start
GMRES: nb  =    4, n =   81,  m =   40
GMRES: tol = 1.00e-08, max_cycle =  100
GMRES: iter =    1, residual = 1.1796e-01

GMRES Start
GMRES: nb  =    4, n =   81,  m =   40
GMRES: tol = 1.00e-08, max_cycle =  100
GMRES: iter =    1, residual = 1.1619e-01

GMRES Start
GMRES: nb  =    4, n =   81,  m =   40
GMRES: tol = 1.00e-08, max_cycle =  100
GMRES: iter =    1, residual = 1.1447e-01

GMRES Start
GMRES: nb  =    4, n =   81,  m =   40
GMRES: tol = 1.00e-08, max_cycle =  100
GMRES: iter =    1, residual = 1.1281e-01

GMRES Start
GMRES: nb  =    4, n =   81,  m =   40
GMRES: tol = 1.00e-08, max_cycle =  100
GMRES: iter =    1, residual = 1.1119e-01

GMRES Start
GMRES: nb  =    4, n =   81,  m =   40
GMRES: tol = 1.00e-08, max_cycle =  100
GMRES: iter =    1, residual = 1.0961e-01

GMRES Start
GMRES: nb  =    4, n =   81,  m =   40
GMRES: tol = 1.00e-08, max_cycle =  100
GMRES: iter =    1, residual = 1.0808e-01

GMRES Start
GMRES: nb  =    4, n =   81,  m =   40
GMRES: tol = 1.00e-08, max_cycle =  100
GMRES: iter =    1, residual = 1.0660e-01

GMRES Start
GMRES: nb  =    4, n =   81,  m =   40
GMRES: tol = 1.00e-08, max_cycle =  100
GMRES: iter =    1, residual = 1.0515e-01

GMRES Start
GMRES: nb  =    4, n =   81,  m =   40
GMRES: tol = 1.00e-08, max_cycle =  100
GMRES: iter =    1, residual = 1.0374e-01

GMRES Start
GMRES: nb  =    4, n =   81,  m =   40
GMRES: tol = 1.00e-08, max_cycle =  100
GMRES: iter =    1, residual = 1.0237e-01

GMRES Start
GMRES: nb  =    4, n =   81,  m =   40
GMRES: tol = 1.00e-08, max_cycle =  100
GMRES: iter =    1, residual = 1.0104e-01

GMRES Start
GMRES: nb  =    4, n =   81,  m =   40
GMRES: tol = 1.00e-08, max_cycle =  100
GMRES: iter =    1, residual = 9.9736e-02
    CPU time for solve the FCI-GF problem      0.18 sec, wall time      0.18 sec
omega = -0.500000, s = -0.001319
omega = -0.467742, s = -0.001319
omega = -0.435484, s = -0.001319
omega = -0.403226, s = -0.001319
