
Solving the IP Green's function.
    CPU time for setup the FCI-GF problem      1.28 sec, wall time      1.29 sec
    CPU time for initialize the Hamiltonian      0.00 sec, wall time      0.00 sec

GMRES Start
GMRES: nb  =    4, n = 1296,  m =   40
GMRES: tol = 1.00e-08, max_cycle =  100
GMRES: iter =    1, residual = 1.0734e-01

GMRES Start
GMRES: nb  =    4, n = 1296,  m =   40
GMRES: tol = 1.00e-08, max_cycle =  100
GMRES: iter =    1, residual = 8.4048e-02

GMRES Start
GMRES: nb  =    4, n = 1296,  m =   40
GMRES: tol = 1.00e-08, max_cycle =  100
GMRES: iter =    1, residual = 6.9065e-02

GMRES Start
GMRES: nb  =    4, n = 1296,  m =   40
GMRES: tol = 1.00e-08, max_cycle =  100
GMRES: iter =    1, residual = 5.8616e-02

GMRES Start
GMRES: nb  =    4, n = 1296,  m =   40
GMRES: tol = 1.00e-08, max_cycle =  100
GMRES: iter =    1, residual = 5.0913e-02

GMRES Start
GMRES: nb  =    4, n = 1296,  m =   40
GMRES: tol = 1.00e-08, max_cycle =  100
GMRES: iter =    1, residual = 4.5000e-02

GMRES Start
GMRES: nb  =    4, n = 1296,  m =   40
GMRES: tol = 1.00e-08, max_cycle =  100
GMRES: iter =    1, residual = 4.0318e-02

GMRES Start
GMRES: nb  =    4, n = 1296,  m =   40
GMRES: tol = 1.00e-08, max_cycle =  100
GMRES: iter =    1, residual = 3.6518e-02
    CPU time for solve the FCI-GF problem      0.08 sec, wall time      0.08 sec

Solving the EA Green's function.
    CPU time for setup the FCI-GF problem      1.29 sec, wall time      1.29 sec
    CPU time for initialize the Hamiltonian      0.00 sec, wall time      0.00 sec

GMRES Start
GMRES: nb  =    4, n = 20736,  m =   40
GMRES: tol = 1.00e-08, max_cycle =  100
GMRES: iter =    1, residual = 2.9696e-01
GMRES: iter =    2, residual = 1.0808e+00

GMRES Start
GMRES: nb  =    4, n = 20736,  m =   40
GMRES: tol = 1.00e-08, max_cycle =  100
GMRES: iter =    1, residual = 4.8161e-01
GMRES: iter =    2, residual = 1.4804e+00
GMRES: iter =    3, residual = 1.4807e+00
GMRES: iter =    4, residual = 1.4805e+00
GMRES: iter =    5, residual = 1.4805e+00
GMRES: iter =    6, residual = 1.4805e+00

GMRES Start
GMRES: nb  =    4, n = 20736,  m =   40
GMRES: tol = 1.00e-08, max_cycle =  100
GMRES: iter =    1, residual = 1.2740e+00
GMRES: iter =    2, residual = 6.8719e-01
GMRES: iter =    3, residual = 6.8719e-01

GMRES Start
GMRES: nb  =    4, n = 20736,  m =   40
GMRES: tol = 1.00e-08, max_cycle =  100
GMRES: iter =    1, residual = 1.9689e+00
GMRES: iter =    2, residual = 9.7323e-01
GMRES: iter =    3, residual = 9.7323e-01
GMRES: iter =    4, residual = 9.7323e-01
GMRES: iter =    5, residual = 9.7323e-01

GMRES Start
GMRES: nb  =    4, n = 20736,  m =   40
GMRES: tol = 1.00e-08, max_cycle =  100
GMRES: iter =    1, residual = 6.1994e-01
GMRES: iter =    2, residual = 3.3900e-01
GMRES: iter =    3, residual = 3.3902e-01
GMRES: iter =    4, residual = 3.3902e-01
GMRES: iter =    5, residual = 3.3902e-01
GMRES: iter =    6, residual = 3.3902e-01
GMRES: iter =    7, residual = 3.3902e-01
GMRES: iter =    8, residual = 3.3902e-01
GMRES: iter =    9, residual = 3.3902e-01
GMRES: iter =   10, residual = 3.3902e-01
GMRES: iter =   11, residual = 3.3902e-01
GMRES: iter =   12, residual = 3.3902e-01
GMRES: iter =   13, residual = 3.3902e-01
GMRES: iter =   14, residual = 3.3902e-01
GMRES: iter =   15, residual = 3.3902e-01
GMRES: iter =   16, residual = 3.3902e-01
GMRES: iter =   17, residual = 3.3902e-01
GMRES: iter =   18, residual = 3.3902e-01
GMRES: iter =   19, residual = 3.3902e-01
GMRES: iter =   20, residual = 3.3902e-01
GMRES: iter =   21, residual = 3.3902e-01

GMRES Start
GMRES: nb  =    4, n = 20736,  m =   40
GMRES: tol = 1.00e-08, max_cycle =  100
GMRES: iter =    1, residual = 3.2747e-01
GMRES: iter =    2, residual = 1.9609e-01
GMRES: iter =    3, residual = 1.9609e-01
GMRES: iter =    4, residual = 1.9609e-01
GMRES: iter =    5, residual = 1.9609e-01

GMRES Start
GMRES: nb  =    4, n = 20736,  m =   40
GMRES: tol = 1.00e-08, max_cycle =  100
GMRES: iter =    1, residual = 2.2937e-01
GMRES: iter =    2, residual = 1.4756e-01
GMRES: iter =    3, residual = 1.4756e-01
GMRES: iter =    4, residual = 1.4756e-01
GMRES: iter =    5, residual = 1.4756e-01
GMRES: iter =    6, residual = 1.4756e-01
GMRES: iter =    7, residual = 1.4756e-01
GMRES: iter =    8, residual = 1.4756e-01
GMRES: iter =    9, residual = 1.4756e-01
GMRES: iter =   10, residual = 1.4756e-01
GMRES: iter =   11, residual = 1.4756e-01
GMRES: iter =   12, residual = 1.4756e-01
GMRES: iter =   13, residual = 1.4756e-01
GMRES: iter =   14, residual = 1.4756e-01
GMRES: iter =   15, residual = 1.4756e-01
GMRES: iter =   16, residual = 1.4756e-01
GMRES: iter =   17, residual = 1.4756e-01
GMRES: iter =   18, residual = 1.4756e-01
GMRES: iter =   19, residual = 1.4756e-01
GMRES: iter =   20, residual = 1.4756e-01
GMRES: iter =   21, residual = 1.4756e-01
GMRES: iter =   22, residual = 1.4756e-01
GMRES: iter =   23, residual = 1.4756e-01
GMRES: iter =   24, residual = 1.4756e-01

GMRES Start
GMRES: nb  =    4, n = 20736,  m =   40
GMRES: tol = 1.00e-08, max_cycle =  100
GMRES: iter =    1, residual = 1.7682e-01
GMRES: iter =    2, residual = 1.2014e-01
