
Solving the IP Green's function.
    CPU time for setup the FCI-GF problem      1.21 sec, wall time      1.21 sec
    CPU time for initialize the Hamiltonian      0.00 sec, wall time      0.00 sec

GMRES Start
GMRES: nb  =    4, n = 1296,  m =   40
GMRES: tol = 1.00e-04, max_cycle =  100
GMRES: iter =    1, residual = 5.2642e-02

GMRES Start
GMRES: nb  =    4, n = 1296,  m =   40
GMRES: tol = 1.00e-04, max_cycle =  100
GMRES: iter =    1, residual = 4.9294e-02
    CPU time for solve the FCI-GF problem      0.02 sec, wall time      0.02 sec

Solving the EA Green's function.
    CPU time for setup the FCI-GF problem      1.24 sec, wall time      1.24 sec
    CPU time for initialize the Hamiltonian      0.00 sec, wall time      0.00 sec

GMRES Start
GMRES: nb  =    4, n = 20736,  m =   40
GMRES: tol = 1.00e-04, max_cycle =  100
GMRES: iter =    1, residual = 6.8518e-01
GMRES: iter =    2, residual = 3.6682e-01

GMRES Start
GMRES: nb  =    4, n = 20736,  m =   40
GMRES: tol = 1.00e-04, max_cycle =  100
GMRES: iter =    1, residual = 6.4757e-01
GMRES: iter =    2, residual = 3.3423e-01
GMRES: iter =    3, residual = 3.3431e-01
GMRES: iter =    4, residual = 3.3430e-01
GMRES: iter =    5, residual = 3.3430e-01
    CPU time for solve the FCI-GF problem     66.04 sec, wall time     65.99 sec
omega = 2.741935, s = 0.013423
omega = 3.064516, s = 0.011136
