
Solving the IP Green's function.
    CPU time for setup the FCI-GF problem      1.24 sec, wall time      1.24 sec
    CPU time for initialize the Hamiltonian      0.00 sec, wall time      0.00 sec

GMRES Start
GMRES: nb  =    4, n = 1296,  m =   40
GMRES: tol = 1.00e-04, max_cycle =  100
GMRES: iter =    1, residual = 2.8508e-01

GMRES Start
GMRES: nb  =    4, n = 1296,  m =   40
GMRES: tol = 1.00e-04, max_cycle =  100
GMRES: iter =    1, residual = 2.0838e-01
    CPU time for solve the FCI-GF problem      0.02 sec, wall time      0.02 sec

Solving the EA Green's function.
    CPU time for setup the FCI-GF problem      1.26 sec, wall time      1.26 sec
    CPU time for initialize the Hamiltonian      0.00 sec, wall time      0.00 sec

GMRES Start
GMRES: nb  =    4, n = 20736,  m =   40
GMRES: tol = 1.00e-04, max_cycle =  100
GMRES: iter =    1, residual = 1.5945e-01
GMRES: iter =    2, residual = 4.6999e-01

GMRES Start
GMRES: nb  =    4, n = 20736,  m =   40
GMRES: tol = 1.00e-04, max_cycle =  100
GMRES: iter =    1, residual = 1.7773e-01
GMRES: iter =    2, residual = 5.0684e-01
    CPU time for solve the FCI-GF problem      9.01 sec, wall time      9.00 sec
omega = -1.129032, s = 0.014222
omega = -0.806452, s = 0.021743
