
Solving the IP Green's function.
    CPU time for setup the FCI-GF problem      1.23 sec, wall time      1.24 sec
    CPU time for initialize the Hamiltonian      0.00 sec, wall time      0.00 sec

GMRES Start
GMRES: nb  =    4, n = 1296,  m =   40
GMRES: tol = 1.00e-04, max_cycle =  100
GMRES: iter =    1, residual = 4.1394e-02

GMRES Start
GMRES: nb  =    4, n = 1296,  m =   40
GMRES: tol = 1.00e-04, max_cycle =  100
GMRES: iter =    1, residual = 3.9295e-02
    CPU time for solve the FCI-GF problem      0.02 sec, wall time      0.02 sec

Solving the EA Green's function.
    CPU time for setup the FCI-GF problem      1.28 sec, wall time      1.28 sec
    CPU time for initialize the Hamiltonian      0.00 sec, wall time      0.00 sec

GMRES Start
GMRES: nb  =    4, n = 20736,  m =   40
GMRES: tol = 1.00e-04, max_cycle =  100
GMRES: iter =    1, residual = 2.5024e-01
GMRES: iter =    2, residual = 1.5759e-01
GMRES: iter =    3, residual = 1.5760e-01
GMRES: iter =    4, residual = 1.5760e-01
GMRES: iter =    5, residual = 1.5765e-01
GMRES: iter =    6, residual = 1.5765e-01
GMRES: iter =    7, residual = 1.5766e-01
GMRES: iter =    8, residual = 1.5765e-01
GMRES: iter =    9, residual = 1.5766e-01
GMRES: iter =   10, residual = 1.5766e-01
GMRES: iter =   11, residual = 1.5766e-01
GMRES: iter =   12, residual = 1.5766e-01
GMRES: iter =   13, residual = 1.5766e-01
GMRES: iter =   14, residual = 1.5766e-01
GMRES: iter =   15, residual = 1.5766e-01
GMRES: iter =   16, residual = 1.5766e-01

GMRES Start
GMRES: nb  =    4, n = 20736,  m =   40
GMRES: tol = 1.00e-04, max_cycle =  100
GMRES: iter =    1, residual = 2.1345e-01
GMRES: iter =    2, residual = 1.3940e-01
    CPU time for solve the FCI-GF problem    236.64 sec, wall time    236.46 sec
omega = 4.032258, s = 0.002357
omega = 4.354839, s = 0.001822
