
Solving the IP Green's function.
    CPU time for setup the FCI-GF problem      1.40 sec, wall time      1.41 sec
    CPU time for initialize the Hamiltonian      0.00 sec, wall time      0.00 sec

GMRES Start
GMRES: nb  =    4, n = 1296,  m =   40
GMRES: tol = 1.00e-04, max_cycle =  100
GMRES: iter =    1, residual = 1.1532e-01

GMRES Start
GMRES: nb  =    4, n = 1296,  m =   40
GMRES: tol = 1.00e-04, max_cycle =  100
GMRES: iter =    1, residual = 1.0038e-01
    CPU time for solve the FCI-GF problem      0.02 sec, wall time      0.02 sec

Solving the EA Green's function.
    CPU time for setup the FCI-GF problem      1.43 sec, wall time      1.43 sec
    CPU time for initialize the Hamiltonian      0.00 sec, wall time      0.00 sec

GMRES Start
GMRES: nb  =    4, n = 20736,  m =   40
GMRES: tol = 1.00e-04, max_cycle =  100
GMRES: iter =    1, residual = 2.7098e-01
GMRES: iter =    2, residual = 2.0714e+00

GMRES Start
GMRES: nb  =    4, n = 20736,  m =   40
GMRES: tol = 1.00e-04, max_cycle =  100
GMRES: iter =    1, residual = 3.2842e-01
GMRES: iter =    2, residual = 7.4315e-01
    CPU time for solve the FCI-GF problem     17.49 sec, wall time     17.47 sec
omega = 0.161290, s = 0.435682
omega = 0.483871, s = 0.055227
