
Solving the IP Green's function.
    CPU time for setup the FCI-GF problem      1.19 sec, wall time      1.19 sec
    CPU time for initialize the Hamiltonian      0.00 sec, wall time      0.00 sec

GMRES Start
GMRES: nb  =    4, n = 1296,  m =   40
GMRES: tol = 1.00e-04, max_cycle =  100
GMRES: iter =    1, residual = 3.2378e-01

GMRES Start
GMRES: nb  =    4, n = 1296,  m =   40
GMRES: tol = 1.00e-04, max_cycle =  100
GMRES: iter =    1, residual = 3.4259e-01
    CPU time for solve the FCI-GF problem      0.02 sec, wall time      0.02 sec

Solving the EA Green's function.
    CPU time for setup the FCI-GF problem      1.22 sec, wall time      1.22 sec
    CPU time for initialize the Hamiltonian      0.00 sec, wall time      0.00 sec

GMRES Start
GMRES: nb  =    4, n = 20736,  m =   40
GMRES: tol = 1.00e-04, max_cycle =  100
GMRES: iter =    1, residual = 9.8587e-02
GMRES: iter =    2, residual = 2.6805e-01

GMRES Start
GMRES: nb  =    4, n = 20736,  m =   40
GMRES: tol = 1.00e-04, max_cycle =  100
GMRES: iter =    1, residual = 1.0528e-01
GMRES: iter =    2, residual = 3.6837e-01
    CPU time for solve the FCI-GF problem      4.74 sec, wall time      4.74 sec
omega = -3.064516, s = -0.003360
omega = -2.741935, s = 0.001867
