
Solving the IP Green's function.
    CPU time for setup the FCI-GF problem      1.19 sec, wall time      1.19 sec
    CPU time for initialize the Hamiltonian      0.00 sec, wall time      0.00 sec

GMRES Start
GMRES: nb  =    4, n = 1296,  m =   40
GMRES: tol = 1.00e-04, max_cycle =  100
GMRES: iter =    1, residual = 1.4774e-01

GMRES Start
GMRES: nb  =    4, n = 1296,  m =   40
GMRES: tol = 1.00e-04, max_cycle =  100
GMRES: iter =    1, residual = 1.8422e-01
    CPU time for solve the FCI-GF problem      0.02 sec, wall time      0.02 sec

Solving the EA Green's function.
    CPU time for setup the FCI-GF problem      1.22 sec, wall time      1.22 sec
    CPU time for initialize the Hamiltonian      0.00 sec, wall time      0.00 sec

GMRES Start
GMRES: nb  =    4, n = 20736,  m =   40
GMRES: tol = 1.00e-04, max_cycle =  100
GMRES: iter =    1, residual = 8.7460e-02
GMRES: iter =    2, residual = 1.8063e-01

GMRES Start
GMRES: nb  =    4, n = 20736,  m =   40
GMRES: tol = 1.00e-04, max_cycle =  100
GMRES: iter =    1, residual = 9.2691e-02
GMRES: iter =    2, residual = 2.1442e-01
    CPU time for solve the FCI-GF problem      4.22 sec, wall time      4.22 sec
omega = -3.709677, s = 0.001100
omega = -3.387097, s = 0.001226
