
Solving the IP Green's function.
    CPU time for setup the FCI-GF problem      1.20 sec, wall time      1.20 sec
    CPU time for initialize the Hamiltonian      0.00 sec, wall time      0.00 sec

GMRES Start
GMRES: nb  =    4, n = 1296,  m =   40
GMRES: tol = 1.00e-04, max_cycle =  100
GMRES: iter =    1, residual = 3.7399e-02

GMRES Start
GMRES: nb  =    4, n = 1296,  m =   40
GMRES: tol = 1.00e-04, max_cycle =  100
GMRES: iter =    1, residual = 3.5677e-02
    CPU time for solve the FCI-GF problem      0.02 sec, wall time      0.02 sec

Solving the EA Green's function.
    CPU time for setup the FCI-GF problem      1.22 sec, wall time      1.22 sec
    CPU time for initialize the Hamiltonian      0.00 sec, wall time      0.00 sec

GMRES Start
GMRES: nb  =    4, n = 20736,  m =   40
GMRES: tol = 1.00e-04, max_cycle =  100
GMRES: iter =    1, residual = 1.8753e-01
GMRES: iter =    2, residual = 1.2585e-01

GMRES Start
GMRES: nb  =    4, n = 20736,  m =   40
GMRES: tol = 1.00e-04, max_cycle =  100
GMRES: iter =    1, residual = 1.6727e-01
GMRES: iter =    2, residual = 1.1498e-01
GMRES: iter =    3, residual = 1.1498e-01
GMRES: iter =    4, residual = 1.1498e-01
GMRES: iter =    5, residual = 1.1498e-01
GMRES: iter =    6, residual = 1.1498e-01
GMRES: iter =    7, residual = 1.1498e-01
GMRES: iter =    8, residual = 1.1498e-01
GMRES: iter =    9, residual = 1.1498e-01
GMRES: iter =   10, residual = 1.1498e-01
    CPU time for solve the FCI-GF problem    142.17 sec, wall time    142.08 sec
omega = 4.677419, s = 0.001471
omega = 5.000000, s = 0.001217
