
Solving the IP Green's function.
    CPU time for setup the FCI-GF problem      1.21 sec, wall time      1.22 sec
    CPU time for initialize the Hamiltonian      0.00 sec, wall time      0.00 sec

GMRES Start
GMRES: nb  =    4, n = 1296,  m =   40
GMRES: tol = 1.00e-08, max_cycle =  100
GMRES: iter =    1, residual = 1.2768e-01

GMRES Start
GMRES: nb  =    4, n = 1296,  m =   40
GMRES: tol = 1.00e-08, max_cycle =  100
GMRES: iter =    1, residual = 1.2561e-01
    CPU time for solve the FCI-GF problem      0.02 sec, wall time      0.02 sec

Solving the EA Green's function.
    CPU time for setup the FCI-GF problem      1.24 sec, wall time      1.24 sec
    CPU time for initialize the Hamiltonian      0.00 sec, wall time      0.00 sec

GMRES Start
GMRES: nb  =    4, n = 20736,  m =   40
GMRES: tol = 1.00e-08, max_cycle =  100
GMRES: iter =    1, residual = 2.4333e-01
GMRES: iter =    2, residual = 8.6537e+00

GMRES Start
GMRES: nb  =    4, n = 20736,  m =   40
GMRES: tol = 1.00e-08, max_cycle =  100
GMRES: iter =    1, residual = 2.4721e-01
GMRES: iter =    2, residual = 2.7484e+01
GMRES: iter =    3, residual = 2.7484e+01
    CPU time for solve the FCI-GF problem     49.72 sec, wall time     49.68 sec
omega = -0.048387, s = 0.953094
omega = -0.016129, s = 9.617129
